Start HTTPS proxy
Target: http://10.0.1.1:21107
URLSearchParams { 'WHLO' => 'I99', 'ITNO' => '02612451', 'DWDT' => '20230315' }
{
  item: '02612451',
  warehouse: 'I99',
  deliveryDate: '20230315',
  quantity: 0
}
URLSearchParams { 'WHLO' => 'I99', 'ITNO' => '02612451', 'DWDT' => '20230415' }
{
  item: '02612451',
  warehouse: 'I99',
  deliveryDate: '20230415',
  quantity: 0
}
URLSearchParams { 'WHLO' => 'I99', 'ITNO' => '02612451', 'DWDT' => '20230515' }
{
  item: '02612451',
  warehouse: 'I99',
  deliveryDate: '20230515',
  quantity: 0
}
URLSearchParams { 'WHLO' => 'I97', 'ITNO' => '02612451', 'DWDT' => '20230315' }
10.000000
{
  item: '02612451',
  warehouse: 'I97',
  deliveryDate: '20230315',
  quantity: '10.000000'
}
URLSearchParams { 'WHLO' => 'I97', 'ITNO' => '02612451', 'DWDT' => '20230415' }
10.000000
{
  item: '02612451',
  warehouse: 'I97',
  deliveryDate: '20230415',
  quantity: '10.000000'
}
URLSearchParams { 'WHLO' => 'I97', 'ITNO' => '02612451', 'DWDT' => '20230515' }
10.000000
{
  item: '02612451',
  warehouse: 'I97',
  deliveryDate: '20230515',
  quantity: '10.000000'
}
URLSearchParams { 'WHLO' => 'I9M', 'ITNO' => '02612451', 'DWDT' => '20230315' }
999999999.999999
{
  item: '02612451',
  warehouse: 'I9M',
  deliveryDate: '20230315',
  quantity: '999999999.999999'
}
URLSearchParams { 'WHLO' => 'I9M', 'ITNO' => '02612451', 'DWDT' => '20230415' }
999999999.999999
{
  item: '02612451',
  warehouse: 'I9M',
  deliveryDate: '20230415',
  quantity: '999999999.999999'
}
URLSearchParams { 'WHLO' => 'I9M', 'ITNO' => '02612451', 'DWDT' => '20230515' }
999999999.999999
{
  item: '02612451',
  warehouse: 'I9M',
  deliveryDate: '20230515',
  quantity: '999999999.999999'
}
URLSearchParams { 'WHLO' => 'I95', 'ITNO' => '02612451', 'DWDT' => '20230315' }
{
  item: '02612451',
  warehouse: 'I95',
  deliveryDate: '20230315',
  quantity: 0
}
URLSearchParams { 'WHLO' => 'I95', 'ITNO' => '02612451', 'DWDT' => '20230415' }
{
  item: '02612451',
  warehouse: 'I95',
  deliveryDate: '20230415',
  quantity: 0
}
URLSearchParams { 'WHLO' => 'I95', 'ITNO' => '02612451', 'DWDT' => '20230515' }
{
  item: '02612451',
  warehouse: 'I95',
  deliveryDate: '20230515',
  quantity: 0
}
URLSearchParams { 'WHLO' => 'I99', 'ITNO' => '02612453', 'DWDT' => '20230315' }
{
  item: '02612453',
  warehouse: 'I99',
  deliveryDate: '20230315',
  quantity: 0
}
URLSearchParams { 'WHLO' => 'I99', 'ITNO' => '02612453', 'DWDT' => '20230415' }
{
  item: '02612453',
  warehouse: 'I99',
  deliveryDate: '20230415',
  quantity: 0
}
URLSearchParams { 'WHLO' => 'I99', 'ITNO' => '02612453', 'DWDT' => '20230515' }
{
  item: '02612453',
  warehouse: 'I99',
  deliveryDate: '20230515',
  quantity: 0
}
URLSearchParams { 'WHLO' => 'I97', 'ITNO' => '02612453', 'DWDT' => '20230315' }
{
  item: '02612453',
  warehouse: 'I97',
  deliveryDate: '20230315',
  quantity: 0
}
URLSearchParams { 'WHLO' => 'I97', 'ITNO' => '02612453', 'DWDT' => '20230415' }
{
  item: '02612453',
  warehouse: 'I97',
  deliveryDate: '20230415',
  quantity: 0
}
URLSearchParams { 'WHLO' => 'I97', 'ITNO' => '02612453', 'DWDT' => '20230515' }
{
  item: '02612453',
  warehouse: 'I97',
  deliveryDate: '20230515',
  quantity: 0
}
URLSearchParams { 'WHLO' => 'I9M', 'ITNO' => '02612453', 'DWDT' => '20230315' }
{
  item: '02612453',
  warehouse: 'I9M',
  deliveryDate: '20230315',
  quantity: 0
}
URLSearchParams { 'WHLO' => 'I9M', 'ITNO' => '02612453', 'DWDT' => '20230415' }
{
  item: '02612453',
  warehouse: 'I9M',
  deliveryDate: '20230415',
  quantity: 0
}
URLSearchParams { 'WHLO' => 'I9M', 'ITNO' => '02612453', 'DWDT' => '20230515' }
{
  item: '02612453',
  warehouse: 'I9M',
  deliveryDate: '20230515',
  quantity: 0
}
URLSearchParams { 'WHLO' => 'I95', 'ITNO' => '02612453', 'DWDT' => '20230315' }
{
  item: '02612453',
  warehouse: 'I95',
  deliveryDate: '20230315',
  quantity: 0
}
URLSearchParams { 'WHLO' => 'I95', 'ITNO' => '02612453', 'DWDT' => '20230415' }
{
  item: '02612453',
  warehouse: 'I95',
  deliveryDate: '20230415',
  quantity: 0
}
URLSearchParams { 'WHLO' => 'I95', 'ITNO' => '02612453', 'DWDT' => '20230515' }
{
  item: '02612453',
  warehouse: 'I95',
  deliveryDate: '20230515',
  quantity: 0
}
URLSearchParams { 'WHLO' => 'I99', 'ITNO' => '02612451', 'DWDT' => '20230315' }
{
  item: '02612451',
  warehouse: 'I99',
  deliveryDate: '20230315',
  quantity: 0
}
URLSearchParams { 'WHLO' => 'I99', 'ITNO' => '02612451', 'DWDT' => '20230415' }
{
  item: '02612451',
  warehouse: 'I99',
  deliveryDate: '20230415',
  quantity: 0
}
URLSearchParams { 'WHLO' => 'I99', 'ITNO' => '02612451', 'DWDT' => '20230515' }
{
  item: '02612451',
  warehouse: 'I99',
  deliveryDate: '20230515',
  quantity: 0
}
URLSearchParams { 'WHLO' => 'I97', 'ITNO' => '02612451', 'DWDT' => '20230315' }
10.000000
{
  item: '02612451',
  warehouse: 'I97',
  deliveryDate: '20230315',
  quantity: '10.000000'
}
URLSearchParams { 'WHLO' => 'I97', 'ITNO' => '02612451', 'DWDT' => '20230415' }
10.000000
{
  item: '02612451',
  warehouse: 'I97',
  deliveryDate: '20230415',
  quantity: '10.000000'
}
URLSearchParams { 'WHLO' => 'I97', 'ITNO' => '02612451', 'DWDT' => '20230515' }
10.000000
{
  item: '02612451',
  warehouse: 'I97',
  deliveryDate: '20230515',
  quantity: '10.000000'
}
URLSearchParams { 'WHLO' => 'I9M', 'ITNO' => '02612451', 'DWDT' => '20230315' }
999999999.999999
{
  item: '02612451',
  warehouse: 'I9M',
  deliveryDate: '20230315',
  quantity: '999999999.999999'
}
URLSearchParams { 'WHLO' => 'I9M', 'ITNO' => '02612451', 'DWDT' => '20230415' }
999999999.999999
{
  item: '02612451',
  warehouse: 'I9M',
  deliveryDate: '20230415',
  quantity: '999999999.999999'
}
URLSearchParams { 'WHLO' => 'I9M', 'ITNO' => '02612451', 'DWDT' => '20230515' }
999999999.999999
{
  item: '02612451',
  warehouse: 'I9M',
  deliveryDate: '20230515',
  quantity: '999999999.999999'
}
URLSearchParams { 'WHLO' => 'I95', 'ITNO' => '02612451', 'DWDT' => '20230315' }
{
  item: '02612451',
  warehouse: 'I95',
  deliveryDate: '20230315',
  quantity: 0
}
URLSearchParams { 'WHLO' => 'I95', 'ITNO' => '02612451', 'DWDT' => '20230415' }
{
  item: '02612451',
  warehouse: 'I95',
  deliveryDate: '20230415',
  quantity: 0
}
URLSearchParams { 'WHLO' => 'I95', 'ITNO' => '02612451', 'DWDT' => '20230515' }
{
  item: '02612451',
  warehouse: 'I95',
  deliveryDate: '20230515',
  quantity: 0
}
URLSearchParams { 'WHLO' => 'I99', 'ITNO' => '02612453', 'DWDT' => '20230315' }
{
  item: '02612453',
  warehouse: 'I99',
  deliveryDate: '20230315',
  quantity: 0
}
URLSearchParams { 'WHLO' => 'I99', 'ITNO' => '02612453', 'DWDT' => '20230415' }
{
  item: '02612453',
  warehouse: 'I99',
  deliveryDate: '20230415',
  quantity: 0
}
URLSearchParams { 'WHLO' => 'I99', 'ITNO' => '02612453', 'DWDT' => '20230515' }
{
  item: '02612453',
  warehouse: 'I99',
  deliveryDate: '20230515',
  quantity: 0
}
URLSearchParams { 'WHLO' => 'I97', 'ITNO' => '02612453', 'DWDT' => '20230315' }
{
  item: '02612453',
  warehouse: 'I97',
  deliveryDate: '20230315',
  quantity: 0
}
URLSearchParams { 'WHLO' => 'I97', 'ITNO' => '02612453', 'DWDT' => '20230415' }
{
  item: '02612453',
  warehouse: 'I97',
  deliveryDate: '20230415',
  quantity: 0
}
URLSearchParams { 'WHLO' => 'I97', 'ITNO' => '02612453', 'DWDT' => '20230515' }
{
  item: '02612453',
  warehouse: 'I97',
  deliveryDate: '20230515',
  quantity: 0
}
URLSearchParams { 'WHLO' => 'I9M', 'ITNO' => '02612453', 'DWDT' => '20230315' }
{
  item: '02612453',
  warehouse: 'I9M',
  deliveryDate: '20230315',
  quantity: 0
}
URLSearchParams { 'WHLO' => 'I9M', 'ITNO' => '02612453', 'DWDT' => '20230415' }
{
  item: '02612453',
  warehouse: 'I9M',
  deliveryDate: '20230415',
  quantity: 0
}
URLSearchParams { 'WHLO' => 'I9M', 'ITNO' => '02612453', 'DWDT' => '20230515' }
{
  item: '02612453',
  warehouse: 'I9M',
  deliveryDate: '20230515',
  quantity: 0
}
URLSearchParams { 'WHLO' => 'I95', 'ITNO' => '02612453', 'DWDT' => '20230315' }
{
  item: '02612453',
  warehouse: 'I95',
  deliveryDate: '20230315',
  quantity: 0
}
URLSearchParams { 'WHLO' => 'I95', 'ITNO' => '02612453', 'DWDT' => '20230415' }
{
  item: '02612453',
  warehouse: 'I95',
  deliveryDate: '20230415',
  quantity: 0
}
URLSearchParams { 'WHLO' => 'I95', 'ITNO' => '02612453', 'DWDT' => '20230515' }
{
  item: '02612453',
  warehouse: 'I95',
  deliveryDate: '20230515',
  quantity: 0
}
URLSearchParams { 'WHLO' => 'I99', 'ITNO' => '02612451', 'DWDT' => '20230315' }
{
  item: '02612451',
  warehouse: 'I99',
  deliveryDate: '20230315',
  quantity: 0
}
URLSearchParams { 'WHLO' => 'I99', 'ITNO' => '02612451', 'DWDT' => '20230415' }
{
  item: '02612451',
  warehouse: 'I99',
  deliveryDate: '20230415',
  quantity: 0
}
URLSearchParams { 'WHLO' => 'I99', 'ITNO' => '02612451', 'DWDT' => '20230515' }
{
  item: '02612451',
  warehouse: 'I99',
  deliveryDate: '20230515',
  quantity: 0
}
URLSearchParams { 'WHLO' => 'I97', 'ITNO' => '02612451', 'DWDT' => '20230315' }
10.000000
{
  item: '02612451',
  warehouse: 'I97',
  deliveryDate: '20230315',
  quantity: '10.000000'
}
URLSearchParams { 'WHLO' => 'I97', 'ITNO' => '02612451', 'DWDT' => '20230415' }
10.000000
{
  item: '02612451',
  warehouse: 'I97',
  deliveryDate: '20230415',
  quantity: '10.000000'
}
URLSearchParams { 'WHLO' => 'I97', 'ITNO' => '02612451', 'DWDT' => '20230515' }
10.000000
{
  item: '02612451',
  warehouse: 'I97',
  deliveryDate: '20230515',
  quantity: '10.000000'
}
URLSearchParams { 'WHLO' => 'I9M', 'ITNO' => '02612451', 'DWDT' => '20230315' }
999999999.999999
{
  item: '02612451',
  warehouse: 'I9M',
  deliveryDate: '20230315',
  quantity: '999999999.999999'
}
URLSearchParams { 'WHLO' => 'I9M', 'ITNO' => '02612451', 'DWDT' => '20230415' }
999999999.999999
{
  item: '02612451',
  warehouse: 'I9M',
  deliveryDate: '20230415',
  quantity: '999999999.999999'
}
URLSearchParams { 'WHLO' => 'I9M', 'ITNO' => '02612451', 'DWDT' => '20230515' }
999999999.999999
{
  item: '02612451',
  warehouse: 'I9M',
  deliveryDate: '20230515',
  quantity: '999999999.999999'
}
URLSearchParams { 'WHLO' => 'I95', 'ITNO' => '02612451', 'DWDT' => '20230315' }
{
  item: '02612451',
  warehouse: 'I95',
  deliveryDate: '20230315',
  quantity: 0
}
URLSearchParams { 'WHLO' => 'I95', 'ITNO' => '02612451', 'DWDT' => '20230415' }
{
  item: '02612451',
  warehouse: 'I95',
  deliveryDate: '20230415',
  quantity: 0
}
URLSearchParams { 'WHLO' => 'I95', 'ITNO' => '02612451', 'DWDT' => '20230515' }
{
  item: '02612451',
  warehouse: 'I95',
  deliveryDate: '20230515',
  quantity: 0
}
URLSearchParams { 'WHLO' => 'I99', 'ITNO' => '02612453', 'DWDT' => '20230315' }
{
  item: '02612453',
  warehouse: 'I99',
  deliveryDate: '20230315',
  quantity: 0
}
URLSearchParams { 'WHLO' => 'I99', 'ITNO' => '02612453', 'DWDT' => '20230415' }
{
  item: '02612453',
  warehouse: 'I99',
  deliveryDate: '20230415',
  quantity: 0
}
URLSearchParams { 'WHLO' => 'I99', 'ITNO' => '02612453', 'DWDT' => '20230515' }
{
  item: '02612453',
  warehouse: 'I99',
  deliveryDate: '20230515',
  quantity: 0
}
URLSearchParams { 'WHLO' => 'I97', 'ITNO' => '02612453', 'DWDT' => '20230315' }
{
  item: '02612453',
  warehouse: 'I97',
  deliveryDate: '20230315',
  quantity: 0
}
URLSearchParams { 'WHLO' => 'I97', 'ITNO' => '02612453', 'DWDT' => '20230415' }
{
  item: '02612453',
  warehouse: 'I97',
  deliveryDate: '20230415',
  quantity: 0
}
URLSearchParams { 'WHLO' => 'I97', 'ITNO' => '02612453', 'DWDT' => '20230515' }
{
  item: '02612453',
  warehouse: 'I97',
  deliveryDate: '20230515',
  quantity: 0
}
URLSearchParams { 'WHLO' => 'I9M', 'ITNO' => '02612453', 'DWDT' => '20230315' }
{
  item: '02612453',
  warehouse: 'I9M',
  deliveryDate: '20230315',
  quantity: 0
}
URLSearchParams { 'WHLO' => 'I9M', 'ITNO' => '02612453', 'DWDT' => '20230415' }
{
  item: '02612453',
  warehouse: 'I9M',
  deliveryDate: '20230415',
  quantity: 0
}
URLSearchParams { 'WHLO' => 'I9M', 'ITNO' => '02612453', 'DWDT' => '20230515' }
{
  item: '02612453',
  warehouse: 'I9M',
  deliveryDate: '20230515',
  quantity: 0
}
URLSearchParams { 'WHLO' => 'I95', 'ITNO' => '02612453', 'DWDT' => '20230315' }
{
  item: '02612453',
  warehouse: 'I95',
  deliveryDate: '20230315',
  quantity: 0
}
URLSearchParams { 'WHLO' => 'I95', 'ITNO' => '02612453', 'DWDT' => '20230415' }
{
  item: '02612453',
  warehouse: 'I95',
  deliveryDate: '20230415',
  quantity: 0
}
URLSearchParams { 'WHLO' => 'I95', 'ITNO' => '02612453', 'DWDT' => '20230515' }
{
  item: '02612453',
  warehouse: 'I95',
  deliveryDate: '20230515',
  quantity: 0
}
Start HTTPS proxy
Target: http://10.0.1.1:21107
URLSearchParams { 'WHLO' => 'I99', 'ITNO' => '02612451', 'DWDT' => '20230315' }
{
  item: '02612451',
  warehouse: 'I99',
  deliveryDate: '20230315',
  quantity: 0
}
URLSearchParams { 'WHLO' => 'I99', 'ITNO' => '02612451', 'DWDT' => '20230415' }
{
  item: '02612451',
  warehouse: 'I99',
  deliveryDate: '20230415',
  quantity: 0
}
URLSearchParams { 'WHLO' => 'I99', 'ITNO' => '02612451', 'DWDT' => '20230515' }
{
  item: '02612451',
  warehouse: 'I99',
  deliveryDate: '20230515',
  quantity: 0
}
URLSearchParams { 'WHLO' => 'I97', 'ITNO' => '02612451', 'DWDT' => '20230315' }
10.000000
{
  item: '02612451',
  warehouse: 'I97',
  deliveryDate: '20230315',
  quantity: '10.000000'
}
URLSearchParams { 'WHLO' => 'I97', 'ITNO' => '02612451', 'DWDT' => '20230415' }
10.000000
{
  item: '02612451',
  warehouse: 'I97',
  deliveryDate: '20230415',
  quantity: '10.000000'
}
URLSearchParams { 'WHLO' => 'I97', 'ITNO' => '02612451', 'DWDT' => '20230515' }
10.000000
{
  item: '02612451',
  warehouse: 'I97',
  deliveryDate: '20230515',
  quantity: '10.000000'
}
URLSearchParams { 'WHLO' => 'I9M', 'ITNO' => '02612451', 'DWDT' => '20230315' }
999999999.999999
{
  item: '02612451',
  warehouse: 'I9M',
  deliveryDate: '20230315',
  quantity: '999999999.999999'
}
URLSearchParams { 'WHLO' => 'I9M', 'ITNO' => '02612451', 'DWDT' => '20230415' }
999999999.999999
{
  item: '02612451',
  warehouse: 'I9M',
  deliveryDate: '20230415',
  quantity: '999999999.999999'
}
URLSearchParams { 'WHLO' => 'I9M', 'ITNO' => '02612451', 'DWDT' => '20230515' }
999999999.999999
{
  item: '02612451',
  warehouse: 'I9M',
  deliveryDate: '20230515',
  quantity: '999999999.999999'
}
URLSearchParams { 'WHLO' => 'I95', 'ITNO' => '02612451', 'DWDT' => '20230315' }
{
  item: '02612451',
  warehouse: 'I95',
  deliveryDate: '20230315',
  quantity: 0
}
URLSearchParams { 'WHLO' => 'I95', 'ITNO' => '02612451', 'DWDT' => '20230415' }
{
  item: '02612451',
  warehouse: 'I95',
  deliveryDate: '20230415',
  quantity: 0
}
URLSearchParams { 'WHLO' => 'I95', 'ITNO' => '02612451', 'DWDT' => '20230515' }
{
  item: '02612451',
  warehouse: 'I95',
  deliveryDate: '20230515',
  quantity: 0
}
URLSearchParams { 'WHLO' => 'I99', 'ITNO' => '02612453', 'DWDT' => '20230315' }
{
  item: '02612453',
  warehouse: 'I99',
  deliveryDate: '20230315',
  quantity: 0
}
URLSearchParams { 'WHLO' => 'I99', 'ITNO' => '02612453', 'DWDT' => '20230415' }
{
  item: '02612453',
  warehouse: 'I99',
  deliveryDate: '20230415',
  quantity: 0
}
URLSearchParams { 'WHLO' => 'I99', 'ITNO' => '02612453', 'DWDT' => '20230515' }
{
  item: '02612453',
  warehouse: 'I99',
  deliveryDate: '20230515',
  quantity: 0
}
URLSearchParams { 'WHLO' => 'I97', 'ITNO' => '02612453', 'DWDT' => '20230315' }
{
  item: '02612453',
  warehouse: 'I97',
  deliveryDate: '20230315',
  quantity: 0
}
URLSearchParams { 'WHLO' => 'I97', 'ITNO' => '02612453', 'DWDT' => '20230415' }
{
  item: '02612453',
  warehouse: 'I97',
  deliveryDate: '20230415',
  quantity: 0
}
URLSearchParams { 'WHLO' => 'I97', 'ITNO' => '02612453', 'DWDT' => '20230515' }
{
  item: '02612453',
  warehouse: 'I97',
  deliveryDate: '20230515',
  quantity: 0
}
URLSearchParams { 'WHLO' => 'I9M', 'ITNO' => '02612453', 'DWDT' => '20230315' }
{
  item: '02612453',
  warehouse: 'I9M',
  deliveryDate: '20230315',
  quantity: 0
}
URLSearchParams { 'WHLO' => 'I9M', 'ITNO' => '02612453', 'DWDT' => '20230415' }
{
  item: '02612453',
  warehouse: 'I9M',
  deliveryDate: '20230415',
  quantity: 0
}
URLSearchParams { 'WHLO' => 'I9M', 'ITNO' => '02612453', 'DWDT' => '20230515' }
{
  item: '02612453',
  warehouse: 'I9M',
  deliveryDate: '20230515',
  quantity: 0
}
URLSearchParams { 'WHLO' => 'I95', 'ITNO' => '02612453', 'DWDT' => '20230315' }
{
  item: '02612453',
  warehouse: 'I95',
  deliveryDate: '20230315',
  quantity: 0
}
URLSearchParams { 'WHLO' => 'I95', 'ITNO' => '02612453', 'DWDT' => '20230415' }
{
  item: '02612453',
  warehouse: 'I95',
  deliveryDate: '20230415',
  quantity: 0
}
URLSearchParams { 'WHLO' => 'I95', 'ITNO' => '02612453', 'DWDT' => '20230515' }
{
  item: '02612453',
  warehouse: 'I95',
  deliveryDate: '20230515',
  quantity: 0
}
URLSearchParams { 'WHLO' => 'I99', 'ITNO' => '02612451', 'DWDT' => '20230315' }
{
  item: '02612451',
  warehouse: 'I99',
  deliveryDate: '20230315',
  quantity: 0
}
URLSearchParams { 'WHLO' => 'I99', 'ITNO' => '02612451', 'DWDT' => '20230415' }
{
  item: '02612451',
  warehouse: 'I99',
  deliveryDate: '20230415',
  quantity: 0
}
URLSearchParams { 'WHLO' => 'I99', 'ITNO' => '02612451', 'DWDT' => '20230515' }
{
  item: '02612451',
  warehouse: 'I99',
  deliveryDate: '20230515',
  quantity: 0
}
URLSearchParams { 'WHLO' => 'I97', 'ITNO' => '02612451', 'DWDT' => '20230315' }
10.000000
{
  item: '02612451',
  warehouse: 'I97',
  deliveryDate: '20230315',
  quantity: '10.000000'
}
URLSearchParams { 'WHLO' => 'I97', 'ITNO' => '02612451', 'DWDT' => '20230415' }
10.000000
{
  item: '02612451',
  warehouse: 'I97',
  deliveryDate: '20230415',
  quantity: '10.000000'
}
URLSearchParams { 'WHLO' => 'I97', 'ITNO' => '02612451', 'DWDT' => '20230515' }
10.000000
{
  item: '02612451',
  warehouse: 'I97',
  deliveryDate: '20230515',
  quantity: '10.000000'
}
URLSearchParams { 'WHLO' => 'I9M', 'ITNO' => '02612451', 'DWDT' => '20230315' }
999999999.999999
{
  item: '02612451',
  warehouse: 'I9M',
  deliveryDate: '20230315',
  quantity: '999999999.999999'
}
URLSearchParams { 'WHLO' => 'I9M', 'ITNO' => '02612451', 'DWDT' => '20230415' }
999999999.999999
{
  item: '02612451',
  warehouse: 'I9M',
  deliveryDate: '20230415',
  quantity: '999999999.999999'
}
URLSearchParams { 'WHLO' => 'I9M', 'ITNO' => '02612451', 'DWDT' => '20230515' }
999999999.999999
{
  item: '02612451',
  warehouse: 'I9M',
  deliveryDate: '20230515',
  quantity: '999999999.999999'
}
URLSearchParams { 'WHLO' => 'I95', 'ITNO' => '02612451', 'DWDT' => '20230315' }
{
  item: '02612451',
  warehouse: 'I95',
  deliveryDate: '20230315',
  quantity: 0
}
URLSearchParams { 'WHLO' => 'I95', 'ITNO' => '02612451', 'DWDT' => '20230415' }
{
  item: '02612451',
  warehouse: 'I95',
  deliveryDate: '20230415',
  quantity: 0
}
URLSearchParams { 'WHLO' => 'I95', 'ITNO' => '02612451', 'DWDT' => '20230515' }
{
  item: '02612451',
  warehouse: 'I95',
  deliveryDate: '20230515',
  quantity: 0
}
URLSearchParams { 'WHLO' => 'I99', 'ITNO' => '02612453', 'DWDT' => '20230315' }
{
  item: '02612453',
  warehouse: 'I99',
  deliveryDate: '20230315',
  quantity: 0
}
URLSearchParams { 'WHLO' => 'I99', 'ITNO' => '02612453', 'DWDT' => '20230415' }
{
  item: '02612453',
  warehouse: 'I99',
  deliveryDate: '20230415',
  quantity: 0
}
URLSearchParams { 'WHLO' => 'I99', 'ITNO' => '02612453', 'DWDT' => '20230515' }
{
  item: '02612453',
  warehouse: 'I99',
  deliveryDate: '20230515',
  quantity: 0
}
URLSearchParams { 'WHLO' => 'I97', 'ITNO' => '02612453', 'DWDT' => '20230315' }
{
  item: '02612453',
  warehouse: 'I97',
  deliveryDate: '20230315',
  quantity: 0
}
URLSearchParams { 'WHLO' => 'I97', 'ITNO' => '02612453', 'DWDT' => '20230415' }
{
  item: '02612453',
  warehouse: 'I97',
  deliveryDate: '20230415',
  quantity: 0
}
URLSearchParams { 'WHLO' => 'I97', 'ITNO' => '02612453', 'DWDT' => '20230515' }
{
  item: '02612453',
  warehouse: 'I97',
  deliveryDate: '20230515',
  quantity: 0
}
URLSearchParams { 'WHLO' => 'I9M', 'ITNO' => '02612453', 'DWDT' => '20230315' }
{
  item: '02612453',
  warehouse: 'I9M',
  deliveryDate: '20230315',
  quantity: 0
}
URLSearchParams { 'WHLO' => 'I9M', 'ITNO' => '02612453', 'DWDT' => '20230415' }
{
  item: '02612453',
  warehouse: 'I9M',
  deliveryDate: '20230415',
  quantity: 0
}
URLSearchParams { 'WHLO' => 'I9M', 'ITNO' => '02612453', 'DWDT' => '20230515' }
{
  item: '02612453',
  warehouse: 'I9M',
  deliveryDate: '20230515',
  quantity: 0
}
URLSearchParams { 'WHLO' => 'I95', 'ITNO' => '02612453', 'DWDT' => '20230315' }
{
  item: '02612453',
  warehouse: 'I95',
  deliveryDate: '20230315',
  quantity: 0
}
URLSearchParams { 'WHLO' => 'I95', 'ITNO' => '02612453', 'DWDT' => '20230415' }
{
  item: '02612453',
  warehouse: 'I95',
  deliveryDate: '20230415',
  quantity: 0
}
URLSearchParams { 'WHLO' => 'I95', 'ITNO' => '02612453', 'DWDT' => '20230515' }
{
  item: '02612453',
  warehouse: 'I95',
  deliveryDate: '20230515',
  quantity: 0
}
URLSearchParams { 'WHLO' => 'I99', 'ITNO' => '02612451', 'DWDT' => '20230315' }
{
  item: '02612451',
  warehouse: 'I99',
  deliveryDate: '20230315',
  quantity: 0
}
URLSearchParams { 'WHLO' => 'I99', 'ITNO' => '02612451', 'DWDT' => '20230415' }
{
  item: '02612451',
  warehouse: 'I99',
  deliveryDate: '20230415',
  quantity: 0
}
URLSearchParams { 'WHLO' => 'I99', 'ITNO' => '02612451', 'DWDT' => '20230515' }
{
  item: '02612451',
  warehouse: 'I99',
  deliveryDate: '20230515',
  quantity: 0
}
URLSearchParams { 'WHLO' => 'I97', 'ITNO' => '02612451', 'DWDT' => '20230315' }
10.000000
{
  item: '02612451',
  warehouse: 'I97',
  deliveryDate: '20230315',
  quantity: '10.000000'
}
URLSearchParams { 'WHLO' => 'I97', 'ITNO' => '02612451', 'DWDT' => '20230415' }
10.000000
{
  item: '02612451',
  warehouse: 'I97',
  deliveryDate: '20230415',
  quantity: '10.000000'
}
URLSearchParams { 'WHLO' => 'I97', 'ITNO' => '02612451', 'DWDT' => '20230515' }
10.000000
{
  item: '02612451',
  warehouse: 'I97',
  deliveryDate: '20230515',
  quantity: '10.000000'
}
URLSearchParams { 'WHLO' => 'I9M', 'ITNO' => '02612451', 'DWDT' => '20230315' }
999999999.999999
{
  item: '02612451',
  warehouse: 'I9M',
  deliveryDate: '20230315',
  quantity: '999999999.999999'
}
URLSearchParams { 'WHLO' => 'I9M', 'ITNO' => '02612451', 'DWDT' => '20230415' }
999999999.999999
{
  item: '02612451',
  warehouse: 'I9M',
  deliveryDate: '20230415',
  quantity: '999999999.999999'
}
URLSearchParams { 'WHLO' => 'I9M', 'ITNO' => '02612451', 'DWDT' => '20230515' }
999999999.999999
{
  item: '02612451',
  warehouse: 'I9M',
  deliveryDate: '20230515',
  quantity: '999999999.999999'
}
URLSearchParams { 'WHLO' => 'I95', 'ITNO' => '02612451', 'DWDT' => '20230315' }
{
  item: '02612451',
  warehouse: 'I95',
  deliveryDate: '20230315',
  quantity: 0
}
URLSearchParams { 'WHLO' => 'I95', 'ITNO' => '02612451', 'DWDT' => '20230415' }
{
  item: '02612451',
  warehouse: 'I95',
  deliveryDate: '20230415',
  quantity: 0
}
URLSearchParams { 'WHLO' => 'I95', 'ITNO' => '02612451', 'DWDT' => '20230515' }
{
  item: '02612451',
  warehouse: 'I95',
  deliveryDate: '20230515',
  quantity: 0
}
URLSearchParams { 'WHLO' => 'I99', 'ITNO' => '02612453', 'DWDT' => '20230315' }
{
  item: '02612453',
  warehouse: 'I99',
  deliveryDate: '20230315',
  quantity: 0
}
URLSearchParams { 'WHLO' => 'I99', 'ITNO' => '02612453', 'DWDT' => '20230415' }
{
  item: '02612453',
  warehouse: 'I99',
  deliveryDate: '20230415',
  quantity: 0
}
URLSearchParams { 'WHLO' => 'I99', 'ITNO' => '02612453', 'DWDT' => '20230515' }
{
  item: '02612453',
  warehouse: 'I99',
  deliveryDate: '20230515',
  quantity: 0
}
URLSearchParams { 'WHLO' => 'I97', 'ITNO' => '02612453', 'DWDT' => '20230315' }
{
  item: '02612453',
  warehouse: 'I97',
  deliveryDate: '20230315',
  quantity: 0
}
URLSearchParams { 'WHLO' => 'I97', 'ITNO' => '02612453', 'DWDT' => '20230415' }
{
  item: '02612453',
  warehouse: 'I97',
  deliveryDate: '20230415',
  quantity: 0
}
URLSearchParams { 'WHLO' => 'I97', 'ITNO' => '02612453', 'DWDT' => '20230515' }
{
  item: '02612453',
  warehouse: 'I97',
  deliveryDate: '20230515',
  quantity: 0
}
URLSearchParams { 'WHLO' => 'I9M', 'ITNO' => '02612453', 'DWDT' => '20230315' }
{
  item: '02612453',
  warehouse: 'I9M',
  deliveryDate: '20230315',
  quantity: 0
}
URLSearchParams { 'WHLO' => 'I9M', 'ITNO' => '02612453', 'DWDT' => '20230415' }
{
  item: '02612453',
  warehouse: 'I9M',
  deliveryDate: '20230415',
  quantity: 0
}
URLSearchParams { 'WHLO' => 'I9M', 'ITNO' => '02612453', 'DWDT' => '20230515' }
{
  item: '02612453',
  warehouse: 'I9M',
  deliveryDate: '20230515',
  quantity: 0
}
URLSearchParams { 'WHLO' => 'I95', 'ITNO' => '02612453', 'DWDT' => '20230315' }
{
  item: '02612453',
  warehouse: 'I95',
  deliveryDate: '20230315',
  quantity: 0
}
URLSearchParams { 'WHLO' => 'I95', 'ITNO' => '02612453', 'DWDT' => '20230415' }
{
  item: '02612453',
  warehouse: 'I95',
  deliveryDate: '20230415',
  quantity: 0
}
URLSearchParams { 'WHLO' => 'I95', 'ITNO' => '02612453', 'DWDT' => '20230515' }
{
  item: '02612453',
  warehouse: 'I95',
  deliveryDate: '20230515',
  quantity: 0
}
URLSearchParams { 'WHLO' => 'I99', 'ITNO' => '02612451', 'DWDT' => '20230315' }
{
  item: '02612451',
  warehouse: 'I99',
  deliveryDate: '20230315',
  quantity: 0
}
URLSearchParams { 'WHLO' => 'I99', 'ITNO' => '02612451', 'DWDT' => '20230415' }
{
  item: '02612451',
  warehouse: 'I99',
  deliveryDate: '20230415',
  quantity: 0
}
URLSearchParams { 'WHLO' => 'I99', 'ITNO' => '02612451', 'DWDT' => '20230515' }
{
  item: '02612451',
  warehouse: 'I99',
  deliveryDate: '20230515',
  quantity: 0
}
URLSearchParams { 'WHLO' => 'I97', 'ITNO' => '02612451', 'DWDT' => '20230315' }
10.000000
{
  item: '02612451',
  warehouse: 'I97',
  deliveryDate: '20230315',
  quantity: '10.000000'
}
URLSearchParams { 'WHLO' => 'I97', 'ITNO' => '02612451', 'DWDT' => '20230415' }
10.000000
{
  item: '02612451',
  warehouse: 'I97',
  deliveryDate: '20230415',
  quantity: '10.000000'
}
URLSearchParams { 'WHLO' => 'I97', 'ITNO' => '02612451', 'DWDT' => '20230515' }
10.000000
{
  item: '02612451',
  warehouse: 'I97',
  deliveryDate: '20230515',
  quantity: '10.000000'
}
URLSearchParams { 'WHLO' => 'I9M', 'ITNO' => '02612451', 'DWDT' => '20230315' }
999999999.999999
{
  item: '02612451',
  warehouse: 'I9M',
  deliveryDate: '20230315',
  quantity: '999999999.999999'
}
URLSearchParams { 'WHLO' => 'I9M', 'ITNO' => '02612451', 'DWDT' => '20230415' }
999999999.999999
{
  item: '02612451',
  warehouse: 'I9M',
  deliveryDate: '20230415',
  quantity: '999999999.999999'
}
URLSearchParams { 'WHLO' => 'I9M', 'ITNO' => '02612451', 'DWDT' => '20230515' }
999999999.999999
{
  item: '02612451',
  warehouse: 'I9M',
  deliveryDate: '20230515',
  quantity: '999999999.999999'
}
URLSearchParams { 'WHLO' => 'I95', 'ITNO' => '02612451', 'DWDT' => '20230315' }
{
  item: '02612451',
  warehouse: 'I95',
  deliveryDate: '20230315',
  quantity: 0
}
URLSearchParams { 'WHLO' => 'I95', 'ITNO' => '02612451', 'DWDT' => '20230415' }
{
  item: '02612451',
  warehouse: 'I95',
  deliveryDate: '20230415',
  quantity: 0
}
URLSearchParams { 'WHLO' => 'I95', 'ITNO' => '02612451', 'DWDT' => '20230515' }
{
  item: '02612451',
  warehouse: 'I95',
  deliveryDate: '20230515',
  quantity: 0
}
URLSearchParams { 'WHLO' => 'I99', 'ITNO' => '02612453', 'DWDT' => '20230315' }
{
  item: '02612453',
  warehouse: 'I99',
  deliveryDate: '20230315',
  quantity: 0
}
URLSearchParams { 'WHLO' => 'I99', 'ITNO' => '02612453', 'DWDT' => '20230415' }
{
  item: '02612453',
  warehouse: 'I99',
  deliveryDate: '20230415',
  quantity: 0
}
URLSearchParams { 'WHLO' => 'I99', 'ITNO' => '02612453', 'DWDT' => '20230515' }
{
  item: '02612453',
  warehouse: 'I99',
  deliveryDate: '20230515',
  quantity: 0
}
URLSearchParams { 'WHLO' => 'I97', 'ITNO' => '02612453', 'DWDT' => '20230315' }
{
  item: '02612453',
  warehouse: 'I97',
  deliveryDate: '20230315',
  quantity: 0
}
URLSearchParams { 'WHLO' => 'I97', 'ITNO' => '02612453', 'DWDT' => '20230415' }
{
  item: '02612453',
  warehouse: 'I97',
  deliveryDate: '20230415',
  quantity: 0
}
URLSearchParams { 'WHLO' => 'I97', 'ITNO' => '02612453', 'DWDT' => '20230515' }
{
  item: '02612453',
  warehouse: 'I97',
  deliveryDate: '20230515',
  quantity: 0
}
URLSearchParams { 'WHLO' => 'I9M', 'ITNO' => '02612453', 'DWDT' => '20230315' }
{
  item: '02612453',
  warehouse: 'I9M',
  deliveryDate: '20230315',
  quantity: 0
}
URLSearchParams { 'WHLO' => 'I9M', 'ITNO' => '02612453', 'DWDT' => '20230415' }
{
  item: '02612453',
  warehouse: 'I9M',
  deliveryDate: '20230415',
  quantity: 0
}
URLSearchParams { 'WHLO' => 'I9M', 'ITNO' => '02612453', 'DWDT' => '20230515' }
{
  item: '02612453',
  warehouse: 'I9M',
  deliveryDate: '20230515',
  quantity: 0
}
URLSearchParams { 'WHLO' => 'I95', 'ITNO' => '02612453', 'DWDT' => '20230315' }
{
  item: '02612453',
  warehouse: 'I95',
  deliveryDate: '20230315',
  quantity: 0
}
URLSearchParams { 'WHLO' => 'I95', 'ITNO' => '02612453', 'DWDT' => '20230415' }
{
  item: '02612453',
  warehouse: 'I95',
  deliveryDate: '20230415',
  quantity: 0
}
URLSearchParams { 'WHLO' => 'I95', 'ITNO' => '02612453', 'DWDT' => '20230515' }
{
  item: '02612453',
  warehouse: 'I95',
  deliveryDate: '20230515',
  quantity: 0
}
URLSearchParams { 'WHLO' => 'I99', 'ITNO' => '02612451', 'DWDT' => '20230315' }
{
  item: '02612451',
  warehouse: 'I99',
  deliveryDate: '20230315',
  quantity: 0
}
URLSearchParams { 'WHLO' => 'I99', 'ITNO' => '02612451', 'DWDT' => '20230415' }
{
  item: '02612451',
  warehouse: 'I99',
  deliveryDate: '20230415',
  quantity: 0
}
URLSearchParams { 'WHLO' => 'I99', 'ITNO' => '02612451', 'DWDT' => '20230515' }
{
  item: '02612451',
  warehouse: 'I99',
  deliveryDate: '20230515',
  quantity: 0
}
URLSearchParams { 'WHLO' => 'I97', 'ITNO' => '02612451', 'DWDT' => '20230315' }
10.000000
{
  item: '02612451',
  warehouse: 'I97',
  deliveryDate: '20230315',
  quantity: '10.000000'
}
URLSearchParams { 'WHLO' => 'I97', 'ITNO' => '02612451', 'DWDT' => '20230415' }
10.000000
{
  item: '02612451',
  warehouse: 'I97',
  deliveryDate: '20230415',
  quantity: '10.000000'
}
URLSearchParams { 'WHLO' => 'I97', 'ITNO' => '02612451', 'DWDT' => '20230515' }
10.000000
{
  item: '02612451',
  warehouse: 'I97',
  deliveryDate: '20230515',
  quantity: '10.000000'
}
URLSearchParams { 'WHLO' => 'I9M', 'ITNO' => '02612451', 'DWDT' => '20230315' }
999999999.999999
{
  item: '02612451',
  warehouse: 'I9M',
  deliveryDate: '20230315',
  quantity: '999999999.999999'
}
URLSearchParams { 'WHLO' => 'I9M', 'ITNO' => '02612451', 'DWDT' => '20230415' }
999999999.999999
{
  item: '02612451',
  warehouse: 'I9M',
  deliveryDate: '20230415',
  quantity: '999999999.999999'
}
URLSearchParams { 'WHLO' => 'I9M', 'ITNO' => '02612451', 'DWDT' => '20230515' }
999999999.999999
{
  item: '02612451',
  warehouse: 'I9M',
  deliveryDate: '20230515',
  quantity: '999999999.999999'
}
URLSearchParams { 'WHLO' => 'I95', 'ITNO' => '02612451', 'DWDT' => '20230315' }
{
  item: '02612451',
  warehouse: 'I95',
  deliveryDate: '20230315',
  quantity: 0
}
URLSearchParams { 'WHLO' => 'I95', 'ITNO' => '02612451', 'DWDT' => '20230415' }
{
  item: '02612451',
  warehouse: 'I95',
  deliveryDate: '20230415',
  quantity: 0
}
URLSearchParams { 'WHLO' => 'I95', 'ITNO' => '02612451', 'DWDT' => '20230515' }
{
  item: '02612451',
  warehouse: 'I95',
  deliveryDate: '20230515',
  quantity: 0
}
URLSearchParams { 'WHLO' => 'I99', 'ITNO' => '02612453', 'DWDT' => '20230315' }
{
  item: '02612453',
  warehouse: 'I99',
  deliveryDate: '20230315',
  quantity: 0
}
URLSearchParams { 'WHLO' => 'I99', 'ITNO' => '02612453', 'DWDT' => '20230415' }
{
  item: '02612453',
  warehouse: 'I99',
  deliveryDate: '20230415',
  quantity: 0
}
URLSearchParams { 'WHLO' => 'I99', 'ITNO' => '02612453', 'DWDT' => '20230515' }
{
  item: '02612453',
  warehouse: 'I99',
  deliveryDate: '20230515',
  quantity: 0
}
URLSearchParams { 'WHLO' => 'I97', 'ITNO' => '02612453', 'DWDT' => '20230315' }
{
  item: '02612453',
  warehouse: 'I97',
  deliveryDate: '20230315',
  quantity: 0
}
URLSearchParams { 'WHLO' => 'I97', 'ITNO' => '02612453', 'DWDT' => '20230415' }
{
  item: '02612453',
  warehouse: 'I97',
  deliveryDate: '20230415',
  quantity: 0
}
URLSearchParams { 'WHLO' => 'I97', 'ITNO' => '02612453', 'DWDT' => '20230515' }
{
  item: '02612453',
  warehouse: 'I97',
  deliveryDate: '20230515',
  quantity: 0
}
URLSearchParams { 'WHLO' => 'I9M', 'ITNO' => '02612453', 'DWDT' => '20230315' }
{
  item: '02612453',
  warehouse: 'I9M',
  deliveryDate: '20230315',
  quantity: 0
}
URLSearchParams { 'WHLO' => 'I9M', 'ITNO' => '02612453', 'DWDT' => '20230415' }
{
  item: '02612453',
  warehouse: 'I9M',
  deliveryDate: '20230415',
  quantity: 0
}
URLSearchParams { 'WHLO' => 'I9M', 'ITNO' => '02612453', 'DWDT' => '20230515' }
{
  item: '02612453',
  warehouse: 'I9M',
  deliveryDate: '20230515',
  quantity: 0
}
URLSearchParams { 'WHLO' => 'I95', 'ITNO' => '02612453', 'DWDT' => '20230315' }
{
  item: '02612453',
  warehouse: 'I95',
  deliveryDate: '20230315',
  quantity: 0
}
URLSearchParams { 'WHLO' => 'I95', 'ITNO' => '02612453', 'DWDT' => '20230415' }
{
  item: '02612453',
  warehouse: 'I95',
  deliveryDate: '20230415',
  quantity: 0
}
URLSearchParams { 'WHLO' => 'I95', 'ITNO' => '02612453', 'DWDT' => '20230515' }
{
  item: '02612453',
  warehouse: 'I95',
  deliveryDate: '20230515',
  quantity: 0
}
URLSearchParams { 'WHLO' => 'I99', 'ITNO' => '02612451', 'DWDT' => '20230315' }
{
  item: '02612451',
  warehouse: 'I99',
  deliveryDate: '20230315',
  quantity: 0
}
URLSearchParams { 'WHLO' => 'I99', 'ITNO' => '02612451', 'DWDT' => '20230415' }
{
  item: '02612451',
  warehouse: 'I99',
  deliveryDate: '20230415',
  quantity: 0
}
URLSearchParams { 'WHLO' => 'I99', 'ITNO' => '02612451', 'DWDT' => '20230515' }
{
  item: '02612451',
  warehouse: 'I99',
  deliveryDate: '20230515',
  quantity: 0
}
URLSearchParams { 'WHLO' => 'I97', 'ITNO' => '02612451', 'DWDT' => '20230315' }
10.000000
{
  item: '02612451',
  warehouse: 'I97',
  deliveryDate: '20230315',
  quantity: '10.000000'
}
URLSearchParams { 'WHLO' => 'I97', 'ITNO' => '02612451', 'DWDT' => '20230415' }
10.000000
{
  item: '02612451',
  warehouse: 'I97',
  deliveryDate: '20230415',
  quantity: '10.000000'
}
URLSearchParams { 'WHLO' => 'I97', 'ITNO' => '02612451', 'DWDT' => '20230515' }
10.000000
{
  item: '02612451',
  warehouse: 'I97',
  deliveryDate: '20230515',
  quantity: '10.000000'
}
URLSearchParams { 'WHLO' => 'I9M', 'ITNO' => '02612451', 'DWDT' => '20230315' }
999999999.999999
{
  item: '02612451',
  warehouse: 'I9M',
  deliveryDate: '20230315',
  quantity: '999999999.999999'
}
URLSearchParams { 'WHLO' => 'I9M', 'ITNO' => '02612451', 'DWDT' => '20230415' }
999999999.999999
{
  item: '02612451',
  warehouse: 'I9M',
  deliveryDate: '20230415',
  quantity: '999999999.999999'
}
URLSearchParams { 'WHLO' => 'I9M', 'ITNO' => '02612451', 'DWDT' => '20230515' }
999999999.999999
{
  item: '02612451',
  warehouse: 'I9M',
  deliveryDate: '20230515',
  quantity: '999999999.999999'
}
URLSearchParams { 'WHLO' => 'I95', 'ITNO' => '02612451', 'DWDT' => '20230315' }
{
  item: '02612451',
  warehouse: 'I95',
  deliveryDate: '20230315',
  quantity: 0
}
URLSearchParams { 'WHLO' => 'I95', 'ITNO' => '02612451', 'DWDT' => '20230415' }
{
  item: '02612451',
  warehouse: 'I95',
  deliveryDate: '20230415',
  quantity: 0
}
URLSearchParams { 'WHLO' => 'I95', 'ITNO' => '02612451', 'DWDT' => '20230515' }
{
  item: '02612451',
  warehouse: 'I95',
  deliveryDate: '20230515',
  quantity: 0
}
URLSearchParams { 'WHLO' => 'I99', 'ITNO' => '02612453', 'DWDT' => '20230315' }
{
  item: '02612453',
  warehouse: 'I99',
  deliveryDate: '20230315',
  quantity: 0
}
URLSearchParams { 'WHLO' => 'I99', 'ITNO' => '02612453', 'DWDT' => '20230415' }
{
  item: '02612453',
  warehouse: 'I99',
  deliveryDate: '20230415',
  quantity: 0
}
URLSearchParams { 'WHLO' => 'I99', 'ITNO' => '02612453', 'DWDT' => '20230515' }
{
  item: '02612453',
  warehouse: 'I99',
  deliveryDate: '20230515',
  quantity: 0
}
URLSearchParams { 'WHLO' => 'I97', 'ITNO' => '02612453', 'DWDT' => '20230315' }
{
  item: '02612453',
  warehouse: 'I97',
  deliveryDate: '20230315',
  quantity: 0
}
URLSearchParams { 'WHLO' => 'I97', 'ITNO' => '02612453', 'DWDT' => '20230415' }
{
  item: '02612453',
  warehouse: 'I97',
  deliveryDate: '20230415',
  quantity: 0
}
URLSearchParams { 'WHLO' => 'I97', 'ITNO' => '02612453', 'DWDT' => '20230515' }
{
  item: '02612453',
  warehouse: 'I97',
  deliveryDate: '20230515',
  quantity: 0
}
URLSearchParams { 'WHLO' => 'I9M', 'ITNO' => '02612453', 'DWDT' => '20230315' }
{
  item: '02612453',
  warehouse: 'I9M',
  deliveryDate: '20230315',
  quantity: 0
}
URLSearchParams { 'WHLO' => 'I9M', 'ITNO' => '02612453', 'DWDT' => '20230415' }
{
  item: '02612453',
  warehouse: 'I9M',
  deliveryDate: '20230415',
  quantity: 0
}
URLSearchParams { 'WHLO' => 'I9M', 'ITNO' => '02612453', 'DWDT' => '20230515' }
{
  item: '02612453',
  warehouse: 'I9M',
  deliveryDate: '20230515',
  quantity: 0
}
URLSearchParams { 'WHLO' => 'I95', 'ITNO' => '02612453', 'DWDT' => '20230315' }
{
  item: '02612453',
  warehouse: 'I95',
  deliveryDate: '20230315',
  quantity: 0
}
URLSearchParams { 'WHLO' => 'I95', 'ITNO' => '02612453', 'DWDT' => '20230415' }
{
  item: '02612453',
  warehouse: 'I95',
  deliveryDate: '20230415',
  quantity: 0
}
URLSearchParams { 'WHLO' => 'I95', 'ITNO' => '02612453', 'DWDT' => '20230515' }
{
  item: '02612453',
  warehouse: 'I95',
  deliveryDate: '20230515',
  quantity: 0
}
URLSearchParams { 'WHLO' => 'I99', 'ITNO' => 'YSBI1J386B', 'DWDT' => '20230315' }

{
  item: 'YSBI1J386B',
  warehouse: 'I99',
  deliveryDate: '20230315',
  quantity: ''
}
URLSearchParams { 'WHLO' => 'I99', 'ITNO' => 'YSBI1J386B', 'DWDT' => '20230415' }
8.000000
{
  item: 'YSBI1J386B',
  warehouse: 'I99',
  deliveryDate: '20230415',
  quantity: '8.000000'
}
URLSearchParams { 'WHLO' => 'I99', 'ITNO' => 'YSBI1J386B', 'DWDT' => '20230515' }
8.000000
{
  item: 'YSBI1J386B',
  warehouse: 'I99',
  deliveryDate: '20230515',
  quantity: '8.000000'
}
URLSearchParams { 'WHLO' => 'I97', 'ITNO' => 'YSBI1J386B', 'DWDT' => '20230315' }
{
  item: 'YSBI1J386B',
  warehouse: 'I97',
  deliveryDate: '20230315',
  quantity: 0
}
URLSearchParams { 'WHLO' => 'I97', 'ITNO' => 'YSBI1J386B', 'DWDT' => '20230415' }
{
  item: 'YSBI1J386B',
  warehouse: 'I97',
  deliveryDate: '20230415',
  quantity: 0
}
URLSearchParams { 'WHLO' => 'I97', 'ITNO' => 'YSBI1J386B', 'DWDT' => '20230515' }
{
  item: 'YSBI1J386B',
  warehouse: 'I97',
  deliveryDate: '20230515',
  quantity: 0
}
URLSearchParams { 'WHLO' => 'I9M', 'ITNO' => 'YSBI1J386B', 'DWDT' => '20230315' }
{
  item: 'YSBI1J386B',
  warehouse: 'I9M',
  deliveryDate: '20230315',
  quantity: 0
}
URLSearchParams { 'WHLO' => 'I9M', 'ITNO' => 'YSBI1J386B', 'DWDT' => '20230415' }
{
  item: 'YSBI1J386B',
  warehouse: 'I9M',
  deliveryDate: '20230415',
  quantity: 0
}
URLSearchParams { 'WHLO' => 'I9M', 'ITNO' => 'YSBI1J386B', 'DWDT' => '20230515' }
{
  item: 'YSBI1J386B',
  warehouse: 'I9M',
  deliveryDate: '20230515',
  quantity: 0
}
URLSearchParams { 'WHLO' => 'I95', 'ITNO' => 'YSBI1J386B', 'DWDT' => '20230315' }
{
  item: 'YSBI1J386B',
  warehouse: 'I95',
  deliveryDate: '20230315',
  quantity: 0
}
URLSearchParams { 'WHLO' => 'I95', 'ITNO' => 'YSBI1J386B', 'DWDT' => '20230415' }
{
  item: 'YSBI1J386B',
  warehouse: 'I95',
  deliveryDate: '20230415',
  quantity: 0
}
URLSearchParams { 'WHLO' => 'I95', 'ITNO' => 'YSBI1J386B', 'DWDT' => '20230515' }
{
  item: 'YSBI1J386B',
  warehouse: 'I95',
  deliveryDate: '20230515',
  quantity: 0
}
URLSearchParams { 'WHLO' => 'I99', 'ITNO' => 'YSBI1J486K', 'DWDT' => '20230315' }

{
  item: 'YSBI1J486K',
  warehouse: 'I99',
  deliveryDate: '20230315',
  quantity: ''
}
URLSearchParams { 'WHLO' => 'I99', 'ITNO' => 'YSBI1J486K', 'DWDT' => '20230415' }

{
  item: 'YSBI1J486K',
  warehouse: 'I99',
  deliveryDate: '20230415',
  quantity: ''
}
URLSearchParams { 'WHLO' => 'I99', 'ITNO' => 'YSBI1J486K', 'DWDT' => '20230515' }
13.000000
{
  item: 'YSBI1J486K',
  warehouse: 'I99',
  deliveryDate: '20230515',
  quantity: '13.000000'
}
URLSearchParams { 'WHLO' => 'I97', 'ITNO' => 'YSBI1J486K', 'DWDT' => '20230315' }
{
  item: 'YSBI1J486K',
  warehouse: 'I97',
  deliveryDate: '20230315',
  quantity: 0
}
URLSearchParams { 'WHLO' => 'I97', 'ITNO' => 'YSBI1J486K', 'DWDT' => '20230415' }
{
  item: 'YSBI1J486K',
  warehouse: 'I97',
  deliveryDate: '20230415',
  quantity: 0
}
URLSearchParams { 'WHLO' => 'I97', 'ITNO' => 'YSBI1J486K', 'DWDT' => '20230515' }
{
  item: 'YSBI1J486K',
  warehouse: 'I97',
  deliveryDate: '20230515',
  quantity: 0
}
URLSearchParams { 'WHLO' => 'I9M', 'ITNO' => 'YSBI1J486K', 'DWDT' => '20230315' }
{
  item: 'YSBI1J486K',
  warehouse: 'I9M',
  deliveryDate: '20230315',
  quantity: 0
}
URLSearchParams { 'WHLO' => 'I9M', 'ITNO' => 'YSBI1J486K', 'DWDT' => '20230415' }
{
  item: 'YSBI1J486K',
  warehouse: 'I9M',
  deliveryDate: '20230415',
  quantity: 0
}
URLSearchParams { 'WHLO' => 'I9M', 'ITNO' => 'YSBI1J486K', 'DWDT' => '20230515' }
{
  item: 'YSBI1J486K',
  warehouse: 'I9M',
  deliveryDate: '20230515',
  quantity: 0
}
URLSearchParams { 'WHLO' => 'I95', 'ITNO' => 'YSBI1J486K', 'DWDT' => '20230315' }
{
  item: 'YSBI1J486K',
  warehouse: 'I95',
  deliveryDate: '20230315',
  quantity: 0
}
URLSearchParams { 'WHLO' => 'I95', 'ITNO' => 'YSBI1J486K', 'DWDT' => '20230415' }
{
  item: 'YSBI1J486K',
  warehouse: 'I95',
  deliveryDate: '20230415',
  quantity: 0
}
URLSearchParams { 'WHLO' => 'I95', 'ITNO' => 'YSBI1J486K', 'DWDT' => '20230515' }
{
  item: 'YSBI1J486K',
  warehouse: 'I95',
  deliveryDate: '20230515',
  quantity: 0
}
URLSearchParams { 'WHLO' => 'I99', 'ITNO' => 'YSBI1J486K', 'DWDT' => '20230315' }

{
  item: 'YSBI1J486K',
  warehouse: 'I99',
  deliveryDate: '20230315',
  quantity: ''
}
URLSearchParams { 'WHLO' => 'I99', 'ITNO' => 'YSBI1J486K', 'DWDT' => '20230415' }

{
  item: 'YSBI1J486K',
  warehouse: 'I99',
  deliveryDate: '20230415',
  quantity: ''
}
URLSearchParams { 'WHLO' => 'I99', 'ITNO' => 'YSBI1J486K', 'DWDT' => '20230515' }
13.000000
{
  item: 'YSBI1J486K',
  warehouse: 'I99',
  deliveryDate: '20230515',
  quantity: '13.000000'
}
URLSearchParams { 'WHLO' => 'I99', 'ITNO' => 'YSBI1J486K', 'DWDT' => '20230615' }
37.000000
{
  item: 'YSBI1J486K',
  warehouse: 'I99',
  deliveryDate: '20230615',
  quantity: '37.000000'
}
URLSearchParams { 'WHLO' => 'I97', 'ITNO' => 'YSBI1J486K', 'DWDT' => '20230315' }
{
  item: 'YSBI1J486K',
  warehouse: 'I97',
  deliveryDate: '20230315',
  quantity: 0
}
URLSearchParams { 'WHLO' => 'I97', 'ITNO' => 'YSBI1J486K', 'DWDT' => '20230415' }
{
  item: 'YSBI1J486K',
  warehouse: 'I97',
  deliveryDate: '20230415',
  quantity: 0
}
URLSearchParams { 'WHLO' => 'I97', 'ITNO' => 'YSBI1J486K', 'DWDT' => '20230515' }
{
  item: 'YSBI1J486K',
  warehouse: 'I97',
  deliveryDate: '20230515',
  quantity: 0
}
URLSearchParams { 'WHLO' => 'I97', 'ITNO' => 'YSBI1J486K', 'DWDT' => '20230615' }
{
  item: 'YSBI1J486K',
  warehouse: 'I97',
  deliveryDate: '20230615',
  quantity: 0
}
URLSearchParams { 'WHLO' => 'I9M', 'ITNO' => 'YSBI1J486K', 'DWDT' => '20230315' }
{
  item: 'YSBI1J486K',
  warehouse: 'I9M',
  deliveryDate: '20230315',
  quantity: 0
}
URLSearchParams { 'WHLO' => 'I9M', 'ITNO' => 'YSBI1J486K', 'DWDT' => '20230415' }
{
  item: 'YSBI1J486K',
  warehouse: 'I9M',
  deliveryDate: '20230415',
  quantity: 0
}
URLSearchParams { 'WHLO' => 'I9M', 'ITNO' => 'YSBI1J486K', 'DWDT' => '20230515' }
{
  item: 'YSBI1J486K',
  warehouse: 'I9M',
  deliveryDate: '20230515',
  quantity: 0
}
URLSearchParams { 'WHLO' => 'I9M', 'ITNO' => 'YSBI1J486K', 'DWDT' => '20230615' }
{
  item: 'YSBI1J486K',
  warehouse: 'I9M',
  deliveryDate: '20230615',
  quantity: 0
}
URLSearchParams { 'WHLO' => 'I95', 'ITNO' => 'YSBI1J486K', 'DWDT' => '20230315' }
{
  item: 'YSBI1J486K',
  warehouse: 'I95',
  deliveryDate: '20230315',
  quantity: 0
}
URLSearchParams { 'WHLO' => 'I95', 'ITNO' => 'YSBI1J486K', 'DWDT' => '20230415' }
{
  item: 'YSBI1J486K',
  warehouse: 'I95',
  deliveryDate: '20230415',
  quantity: 0
}
URLSearchParams { 'WHLO' => 'I95', 'ITNO' => 'YSBI1J486K', 'DWDT' => '20230515' }
{
  item: 'YSBI1J486K',
  warehouse: 'I95',
  deliveryDate: '20230515',
  quantity: 0
}
URLSearchParams { 'WHLO' => 'I95', 'ITNO' => 'YSBI1J486K', 'DWDT' => '20230615' }
{
  item: 'YSBI1J486K',
  warehouse: 'I95',
  deliveryDate: '20230615',
  quantity: 0
}
URLSearchParams { 'WHLO' => 'I99', 'ITNO' => '02612451', 'DWDT' => '20230315' }
{
  item: '02612451',
  warehouse: 'I99',
  deliveryDate: '20230315',
  quantity: 0
}
URLSearchParams { 'WHLO' => 'I99', 'ITNO' => '02612451', 'DWDT' => '20230415' }
{
  item: '02612451',
  warehouse: 'I99',
  deliveryDate: '20230415',
  quantity: 0
}
URLSearchParams { 'WHLO' => 'I99', 'ITNO' => '02612451', 'DWDT' => '20230515' }
{
  item: '02612451',
  warehouse: 'I99',
  deliveryDate: '20230515',
  quantity: 0
}
URLSearchParams { 'WHLO' => 'I97', 'ITNO' => '02612451', 'DWDT' => '20230315' }
10.000000
{
  item: '02612451',
  warehouse: 'I97',
  deliveryDate: '20230315',
  quantity: '10.000000'
}
URLSearchParams { 'WHLO' => 'I97', 'ITNO' => '02612451', 'DWDT' => '20230415' }
10.000000
{
  item: '02612451',
  warehouse: 'I97',
  deliveryDate: '20230415',
  quantity: '10.000000'
}
URLSearchParams { 'WHLO' => 'I97', 'ITNO' => '02612451', 'DWDT' => '20230515' }
10.000000
{
  item: '02612451',
  warehouse: 'I97',
  deliveryDate: '20230515',
  quantity: '10.000000'
}
URLSearchParams { 'WHLO' => 'I9M', 'ITNO' => '02612451', 'DWDT' => '20230315' }
999999999.999999
{
  item: '02612451',
  warehouse: 'I9M',
  deliveryDate: '20230315',
  quantity: '999999999.999999'
}
URLSearchParams { 'WHLO' => 'I9M', 'ITNO' => '02612451', 'DWDT' => '20230415' }
999999999.999999
{
  item: '02612451',
  warehouse: 'I9M',
  deliveryDate: '20230415',
  quantity: '999999999.999999'
}
URLSearchParams { 'WHLO' => 'I9M', 'ITNO' => '02612451', 'DWDT' => '20230515' }
999999999.999999
{
  item: '02612451',
  warehouse: 'I9M',
  deliveryDate: '20230515',
  quantity: '999999999.999999'
}
URLSearchParams { 'WHLO' => 'I95', 'ITNO' => '02612451', 'DWDT' => '20230315' }
{
  item: '02612451',
  warehouse: 'I95',
  deliveryDate: '20230315',
  quantity: 0
}
URLSearchParams { 'WHLO' => 'I95', 'ITNO' => '02612451', 'DWDT' => '20230415' }
{
  item: '02612451',
  warehouse: 'I95',
  deliveryDate: '20230415',
  quantity: 0
}
URLSearchParams { 'WHLO' => 'I95', 'ITNO' => '02612451', 'DWDT' => '20230515' }
{
  item: '02612451',
  warehouse: 'I95',
  deliveryDate: '20230515',
  quantity: 0
}
URLSearchParams { 'WHLO' => 'I99', 'ITNO' => '02612453', 'DWDT' => '20230315' }
{
  item: '02612453',
  warehouse: 'I99',
  deliveryDate: '20230315',
  quantity: 0
}
URLSearchParams { 'WHLO' => 'I99', 'ITNO' => '02612453', 'DWDT' => '20230415' }
{
  item: '02612453',
  warehouse: 'I99',
  deliveryDate: '20230415',
  quantity: 0
}
URLSearchParams { 'WHLO' => 'I99', 'ITNO' => '02612453', 'DWDT' => '20230515' }
{
  item: '02612453',
  warehouse: 'I99',
  deliveryDate: '20230515',
  quantity: 0
}
URLSearchParams { 'WHLO' => 'I97', 'ITNO' => '02612453', 'DWDT' => '20230315' }
{
  item: '02612453',
  warehouse: 'I97',
  deliveryDate: '20230315',
  quantity: 0
}
URLSearchParams { 'WHLO' => 'I97', 'ITNO' => '02612453', 'DWDT' => '20230415' }
{
  item: '02612453',
  warehouse: 'I97',
  deliveryDate: '20230415',
  quantity: 0
}
URLSearchParams { 'WHLO' => 'I97', 'ITNO' => '02612453', 'DWDT' => '20230515' }
{
  item: '02612453',
  warehouse: 'I97',
  deliveryDate: '20230515',
  quantity: 0
}
URLSearchParams { 'WHLO' => 'I9M', 'ITNO' => '02612453', 'DWDT' => '20230315' }
{
  item: '02612453',
  warehouse: 'I9M',
  deliveryDate: '20230315',
  quantity: 0
}
URLSearchParams { 'WHLO' => 'I9M', 'ITNO' => '02612453', 'DWDT' => '20230415' }
{
  item: '02612453',
  warehouse: 'I9M',
  deliveryDate: '20230415',
  quantity: 0
}
URLSearchParams { 'WHLO' => 'I9M', 'ITNO' => '02612453', 'DWDT' => '20230515' }
{
  item: '02612453',
  warehouse: 'I9M',
  deliveryDate: '20230515',
  quantity: 0
}
URLSearchParams { 'WHLO' => 'I95', 'ITNO' => '02612453', 'DWDT' => '20230315' }
{
  item: '02612453',
  warehouse: 'I95',
  deliveryDate: '20230315',
  quantity: 0
}
URLSearchParams { 'WHLO' => 'I95', 'ITNO' => '02612453', 'DWDT' => '20230415' }
{
  item: '02612453',
  warehouse: 'I95',
  deliveryDate: '20230415',
  quantity: 0
}
URLSearchParams { 'WHLO' => 'I95', 'ITNO' => '02612453', 'DWDT' => '20230515' }
{
  item: '02612453',
  warehouse: 'I95',
  deliveryDate: '20230515',
  quantity: 0
}
URLSearchParams { 'WHLO' => 'I99', 'ITNO' => '02612451', 'DWDT' => '20230315' }
{
  item: '02612451',
  warehouse: 'I99',
  deliveryDate: '20230315',
  quantity: 0
}
URLSearchParams { 'WHLO' => 'I99', 'ITNO' => '02612451', 'DWDT' => '20230415' }
{
  item: '02612451',
  warehouse: 'I99',
  deliveryDate: '20230415',
  quantity: 0
}
URLSearchParams { 'WHLO' => 'I99', 'ITNO' => '02612451', 'DWDT' => '20230515' }
{
  item: '02612451',
  warehouse: 'I99',
  deliveryDate: '20230515',
  quantity: 0
}
URLSearchParams { 'WHLO' => 'I97', 'ITNO' => '02612451', 'DWDT' => '20230315' }
10.000000
{
  item: '02612451',
  warehouse: 'I97',
  deliveryDate: '20230315',
  quantity: '10.000000'
}
URLSearchParams { 'WHLO' => 'I97', 'ITNO' => '02612451', 'DWDT' => '20230415' }
10.000000
{
  item: '02612451',
  warehouse: 'I97',
  deliveryDate: '20230415',
  quantity: '10.000000'
}
URLSearchParams { 'WHLO' => 'I97', 'ITNO' => '02612451', 'DWDT' => '20230515' }
10.000000
{
  item: '02612451',
  warehouse: 'I97',
  deliveryDate: '20230515',
  quantity: '10.000000'
}
URLSearchParams { 'WHLO' => 'I9M', 'ITNO' => '02612451', 'DWDT' => '20230315' }
999999999.999999
{
  item: '02612451',
  warehouse: 'I9M',
  deliveryDate: '20230315',
  quantity: '999999999.999999'
}
URLSearchParams { 'WHLO' => 'I9M', 'ITNO' => '02612451', 'DWDT' => '20230415' }
999999999.999999
{
  item: '02612451',
  warehouse: 'I9M',
  deliveryDate: '20230415',
  quantity: '999999999.999999'
}
URLSearchParams { 'WHLO' => 'I9M', 'ITNO' => '02612451', 'DWDT' => '20230515' }
999999999.999999
{
  item: '02612451',
  warehouse: 'I9M',
  deliveryDate: '20230515',
  quantity: '999999999.999999'
}
URLSearchParams { 'WHLO' => 'I95', 'ITNO' => '02612451', 'DWDT' => '20230315' }
{
  item: '02612451',
  warehouse: 'I95',
  deliveryDate: '20230315',
  quantity: 0
}
URLSearchParams { 'WHLO' => 'I95', 'ITNO' => '02612451', 'DWDT' => '20230415' }
{
  item: '02612451',
  warehouse: 'I95',
  deliveryDate: '20230415',
  quantity: 0
}
URLSearchParams { 'WHLO' => 'I95', 'ITNO' => '02612451', 'DWDT' => '20230515' }
{
  item: '02612451',
  warehouse: 'I95',
  deliveryDate: '20230515',
  quantity: 0
}
URLSearchParams { 'WHLO' => 'I99', 'ITNO' => '02612453', 'DWDT' => '20230315' }
{
  item: '02612453',
  warehouse: 'I99',
  deliveryDate: '20230315',
  quantity: 0
}
URLSearchParams { 'WHLO' => 'I99', 'ITNO' => '02612453', 'DWDT' => '20230415' }
{
  item: '02612453',
  warehouse: 'I99',
  deliveryDate: '20230415',
  quantity: 0
}
URLSearchParams { 'WHLO' => 'I99', 'ITNO' => '02612453', 'DWDT' => '20230515' }
{
  item: '02612453',
  warehouse: 'I99',
  deliveryDate: '20230515',
  quantity: 0
}
URLSearchParams { 'WHLO' => 'I97', 'ITNO' => '02612453', 'DWDT' => '20230315' }
{
  item: '02612453',
  warehouse: 'I97',
  deliveryDate: '20230315',
  quantity: 0
}
URLSearchParams { 'WHLO' => 'I97', 'ITNO' => '02612453', 'DWDT' => '20230415' }
{
  item: '02612453',
  warehouse: 'I97',
  deliveryDate: '20230415',
  quantity: 0
}
URLSearchParams { 'WHLO' => 'I97', 'ITNO' => '02612453', 'DWDT' => '20230515' }
{
  item: '02612453',
  warehouse: 'I97',
  deliveryDate: '20230515',
  quantity: 0
}
URLSearchParams { 'WHLO' => 'I9M', 'ITNO' => '02612453', 'DWDT' => '20230315' }
{
  item: '02612453',
  warehouse: 'I9M',
  deliveryDate: '20230315',
  quantity: 0
}
URLSearchParams { 'WHLO' => 'I9M', 'ITNO' => '02612453', 'DWDT' => '20230415' }
{
  item: '02612453',
  warehouse: 'I9M',
  deliveryDate: '20230415',
  quantity: 0
}
URLSearchParams { 'WHLO' => 'I9M', 'ITNO' => '02612453', 'DWDT' => '20230515' }
{
  item: '02612453',
  warehouse: 'I9M',
  deliveryDate: '20230515',
  quantity: 0
}
URLSearchParams { 'WHLO' => 'I95', 'ITNO' => '02612453', 'DWDT' => '20230315' }
{
  item: '02612453',
  warehouse: 'I95',
  deliveryDate: '20230315',
  quantity: 0
}
URLSearchParams { 'WHLO' => 'I95', 'ITNO' => '02612453', 'DWDT' => '20230415' }
{
  item: '02612453',
  warehouse: 'I95',
  deliveryDate: '20230415',
  quantity: 0
}
URLSearchParams { 'WHLO' => 'I95', 'ITNO' => '02612453', 'DWDT' => '20230515' }
{
  item: '02612453',
  warehouse: 'I95',
  deliveryDate: '20230515',
  quantity: 0
}
URLSearchParams { 'WHLO' => 'I99', 'ITNO' => '02612451', 'DWDT' => '20230315' }
{
  item: '02612451',
  warehouse: 'I99',
  deliveryDate: '20230315',
  quantity: 0
}
URLSearchParams { 'WHLO' => 'I99', 'ITNO' => '02612451', 'DWDT' => '20230415' }
{
  item: '02612451',
  warehouse: 'I99',
  deliveryDate: '20230415',
  quantity: 0
}
URLSearchParams { 'WHLO' => 'I99', 'ITNO' => '02612451', 'DWDT' => '20230515' }
{
  item: '02612451',
  warehouse: 'I99',
  deliveryDate: '20230515',
  quantity: 0
}
URLSearchParams { 'WHLO' => 'I97', 'ITNO' => '02612451', 'DWDT' => '20230315' }
10.000000
{
  item: '02612451',
  warehouse: 'I97',
  deliveryDate: '20230315',
  quantity: '10.000000'
}
URLSearchParams { 'WHLO' => 'I97', 'ITNO' => '02612451', 'DWDT' => '20230415' }
10.000000
{
  item: '02612451',
  warehouse: 'I97',
  deliveryDate: '20230415',
  quantity: '10.000000'
}
URLSearchParams { 'WHLO' => 'I97', 'ITNO' => '02612451', 'DWDT' => '20230515' }
10.000000
{
  item: '02612451',
  warehouse: 'I97',
  deliveryDate: '20230515',
  quantity: '10.000000'
}
URLSearchParams { 'WHLO' => 'I9M', 'ITNO' => '02612451', 'DWDT' => '20230315' }
999999999.999999
{
  item: '02612451',
  warehouse: 'I9M',
  deliveryDate: '20230315',
  quantity: '999999999.999999'
}
URLSearchParams { 'WHLO' => 'I9M', 'ITNO' => '02612451', 'DWDT' => '20230415' }
999999999.999999
{
  item: '02612451',
  warehouse: 'I9M',
  deliveryDate: '20230415',
  quantity: '999999999.999999'
}
URLSearchParams { 'WHLO' => 'I9M', 'ITNO' => '02612451', 'DWDT' => '20230515' }
999999999.999999
{
  item: '02612451',
  warehouse: 'I9M',
  deliveryDate: '20230515',
  quantity: '999999999.999999'
}
URLSearchParams { 'WHLO' => 'I95', 'ITNO' => '02612451', 'DWDT' => '20230315' }
{
  item: '02612451',
  warehouse: 'I95',
  deliveryDate: '20230315',
  quantity: 0
}
URLSearchParams { 'WHLO' => 'I95', 'ITNO' => '02612451', 'DWDT' => '20230415' }
{
  item: '02612451',
  warehouse: 'I95',
  deliveryDate: '20230415',
  quantity: 0
}
URLSearchParams { 'WHLO' => 'I95', 'ITNO' => '02612451', 'DWDT' => '20230515' }
{
  item: '02612451',
  warehouse: 'I95',
  deliveryDate: '20230515',
  quantity: 0
}
URLSearchParams { 'WHLO' => 'I99', 'ITNO' => '02612453', 'DWDT' => '20230315' }
{
  item: '02612453',
  warehouse: 'I99',
  deliveryDate: '20230315',
  quantity: 0
}
URLSearchParams { 'WHLO' => 'I99', 'ITNO' => '02612453', 'DWDT' => '20230415' }
{
  item: '02612453',
  warehouse: 'I99',
  deliveryDate: '20230415',
  quantity: 0
}
URLSearchParams { 'WHLO' => 'I99', 'ITNO' => '02612453', 'DWDT' => '20230515' }
{
  item: '02612453',
  warehouse: 'I99',
  deliveryDate: '20230515',
  quantity: 0
}
URLSearchParams { 'WHLO' => 'I97', 'ITNO' => '02612453', 'DWDT' => '20230315' }
{
  item: '02612453',
  warehouse: 'I97',
  deliveryDate: '20230315',
  quantity: 0
}
URLSearchParams { 'WHLO' => 'I97', 'ITNO' => '02612453', 'DWDT' => '20230415' }
{
  item: '02612453',
  warehouse: 'I97',
  deliveryDate: '20230415',
  quantity: 0
}
URLSearchParams { 'WHLO' => 'I97', 'ITNO' => '02612453', 'DWDT' => '20230515' }
{
  item: '02612453',
  warehouse: 'I97',
  deliveryDate: '20230515',
  quantity: 0
}
URLSearchParams { 'WHLO' => 'I9M', 'ITNO' => '02612453', 'DWDT' => '20230315' }
{
  item: '02612453',
  warehouse: 'I9M',
  deliveryDate: '20230315',
  quantity: 0
}
URLSearchParams { 'WHLO' => 'I9M', 'ITNO' => '02612453', 'DWDT' => '20230415' }
{
  item: '02612453',
  warehouse: 'I9M',
  deliveryDate: '20230415',
  quantity: 0
}
URLSearchParams { 'WHLO' => 'I9M', 'ITNO' => '02612453', 'DWDT' => '20230515' }
{
  item: '02612453',
  warehouse: 'I9M',
  deliveryDate: '20230515',
  quantity: 0
}
URLSearchParams { 'WHLO' => 'I95', 'ITNO' => '02612453', 'DWDT' => '20230315' }
{
  item: '02612453',
  warehouse: 'I95',
  deliveryDate: '20230315',
  quantity: 0
}
URLSearchParams { 'WHLO' => 'I95', 'ITNO' => '02612453', 'DWDT' => '20230415' }
{
  item: '02612453',
  warehouse: 'I95',
  deliveryDate: '20230415',
  quantity: 0
}
URLSearchParams { 'WHLO' => 'I95', 'ITNO' => '02612453', 'DWDT' => '20230515' }
{
  item: '02612453',
  warehouse: 'I95',
  deliveryDate: '20230515',
  quantity: 0
}
URLSearchParams { 'WHLO' => 'I99', 'ITNO' => '02612451', 'DWDT' => '20230315' }
{
  item: '02612451',
  warehouse: 'I99',
  deliveryDate: '20230315',
  quantity: 0
}
URLSearchParams { 'WHLO' => 'I99', 'ITNO' => '02612451', 'DWDT' => '20230415' }
{
  item: '02612451',
  warehouse: 'I99',
  deliveryDate: '20230415',
  quantity: 0
}
URLSearchParams { 'WHLO' => 'I99', 'ITNO' => '02612451', 'DWDT' => '20230515' }
{
  item: '02612451',
  warehouse: 'I99',
  deliveryDate: '20230515',
  quantity: 0
}
URLSearchParams { 'WHLO' => 'I97', 'ITNO' => '02612451', 'DWDT' => '20230315' }
10.000000
{
  item: '02612451',
  warehouse: 'I97',
  deliveryDate: '20230315',
  quantity: '10.000000'
}
URLSearchParams { 'WHLO' => 'I97', 'ITNO' => '02612451', 'DWDT' => '20230415' }
10.000000
{
  item: '02612451',
  warehouse: 'I97',
  deliveryDate: '20230415',
  quantity: '10.000000'
}
URLSearchParams { 'WHLO' => 'I97', 'ITNO' => '02612451', 'DWDT' => '20230515' }
10.000000
{
  item: '02612451',
  warehouse: 'I97',
  deliveryDate: '20230515',
  quantity: '10.000000'
}
URLSearchParams { 'WHLO' => 'I9M', 'ITNO' => '02612451', 'DWDT' => '20230315' }
999999999.999999
{
  item: '02612451',
  warehouse: 'I9M',
  deliveryDate: '20230315',
  quantity: '999999999.999999'
}
URLSearchParams { 'WHLO' => 'I9M', 'ITNO' => '02612451', 'DWDT' => '20230415' }
999999999.999999
{
  item: '02612451',
  warehouse: 'I9M',
  deliveryDate: '20230415',
  quantity: '999999999.999999'
}
URLSearchParams { 'WHLO' => 'I9M', 'ITNO' => '02612451', 'DWDT' => '20230515' }
999999999.999999
{
  item: '02612451',
  warehouse: 'I9M',
  deliveryDate: '20230515',
  quantity: '999999999.999999'
}
URLSearchParams { 'WHLO' => 'I95', 'ITNO' => '02612451', 'DWDT' => '20230315' }
{
  item: '02612451',
  warehouse: 'I95',
  deliveryDate: '20230315',
  quantity: 0
}
URLSearchParams { 'WHLO' => 'I95', 'ITNO' => '02612451', 'DWDT' => '20230415' }
{
  item: '02612451',
  warehouse: 'I95',
  deliveryDate: '20230415',
  quantity: 0
}
URLSearchParams { 'WHLO' => 'I95', 'ITNO' => '02612451', 'DWDT' => '20230515' }
{
  item: '02612451',
  warehouse: 'I95',
  deliveryDate: '20230515',
  quantity: 0
}
URLSearchParams { 'WHLO' => 'I99', 'ITNO' => '02612453', 'DWDT' => '20230315' }
{
  item: '02612453',
  warehouse: 'I99',
  deliveryDate: '20230315',
  quantity: 0
}
URLSearchParams { 'WHLO' => 'I99', 'ITNO' => '02612453', 'DWDT' => '20230415' }
{
  item: '02612453',
  warehouse: 'I99',
  deliveryDate: '20230415',
  quantity: 0
}
URLSearchParams { 'WHLO' => 'I99', 'ITNO' => '02612453', 'DWDT' => '20230515' }
{
  item: '02612453',
  warehouse: 'I99',
  deliveryDate: '20230515',
  quantity: 0
}
URLSearchParams { 'WHLO' => 'I97', 'ITNO' => '02612453', 'DWDT' => '20230315' }
{
  item: '02612453',
  warehouse: 'I97',
  deliveryDate: '20230315',
  quantity: 0
}
URLSearchParams { 'WHLO' => 'I97', 'ITNO' => '02612453', 'DWDT' => '20230415' }
{
  item: '02612453',
  warehouse: 'I97',
  deliveryDate: '20230415',
  quantity: 0
}
URLSearchParams { 'WHLO' => 'I97', 'ITNO' => '02612453', 'DWDT' => '20230515' }
{
  item: '02612453',
  warehouse: 'I97',
  deliveryDate: '20230515',
  quantity: 0
}
URLSearchParams { 'WHLO' => 'I9M', 'ITNO' => '02612453', 'DWDT' => '20230315' }
{
  item: '02612453',
  warehouse: 'I9M',
  deliveryDate: '20230315',
  quantity: 0
}
URLSearchParams { 'WHLO' => 'I9M', 'ITNO' => '02612453', 'DWDT' => '20230415' }
{
  item: '02612453',
  warehouse: 'I9M',
  deliveryDate: '20230415',
  quantity: 0
}
URLSearchParams { 'WHLO' => 'I9M', 'ITNO' => '02612453', 'DWDT' => '20230515' }
{
  item: '02612453',
  warehouse: 'I9M',
  deliveryDate: '20230515',
  quantity: 0
}
URLSearchParams { 'WHLO' => 'I95', 'ITNO' => '02612453', 'DWDT' => '20230315' }
{
  item: '02612453',
  warehouse: 'I95',
  deliveryDate: '20230315',
  quantity: 0
}
URLSearchParams { 'WHLO' => 'I95', 'ITNO' => '02612453', 'DWDT' => '20230415' }
{
  item: '02612453',
  warehouse: 'I95',
  deliveryDate: '20230415',
  quantity: 0
}
URLSearchParams { 'WHLO' => 'I95', 'ITNO' => '02612453', 'DWDT' => '20230515' }
{
  item: '02612453',
  warehouse: 'I95',
  deliveryDate: '20230515',
  quantity: 0
}
URLSearchParams { 'WHLO' => 'I99', 'ITNO' => '02612451', 'DWDT' => '20230315' }
{
  item: '02612451',
  warehouse: 'I99',
  deliveryDate: '20230315',
  quantity: 0
}
URLSearchParams { 'WHLO' => 'I99', 'ITNO' => '02612451', 'DWDT' => '20230415' }
{
  item: '02612451',
  warehouse: 'I99',
  deliveryDate: '20230415',
  quantity: 0
}
URLSearchParams { 'WHLO' => 'I99', 'ITNO' => '02612451', 'DWDT' => '20230515' }
{
  item: '02612451',
  warehouse: 'I99',
  deliveryDate: '20230515',
  quantity: 0
}
URLSearchParams { 'WHLO' => 'I97', 'ITNO' => '02612451', 'DWDT' => '20230315' }
10.000000
{
  item: '02612451',
  warehouse: 'I97',
  deliveryDate: '20230315',
  quantity: '10.000000'
}
URLSearchParams { 'WHLO' => 'I97', 'ITNO' => '02612451', 'DWDT' => '20230415' }
10.000000
{
  item: '02612451',
  warehouse: 'I97',
  deliveryDate: '20230415',
  quantity: '10.000000'
}
URLSearchParams { 'WHLO' => 'I97', 'ITNO' => '02612451', 'DWDT' => '20230515' }
10.000000
{
  item: '02612451',
  warehouse: 'I97',
  deliveryDate: '20230515',
  quantity: '10.000000'
}
URLSearchParams { 'WHLO' => 'I9M', 'ITNO' => '02612451', 'DWDT' => '20230315' }
999999999.999999
{
  item: '02612451',
  warehouse: 'I9M',
  deliveryDate: '20230315',
  quantity: '999999999.999999'
}
URLSearchParams { 'WHLO' => 'I9M', 'ITNO' => '02612451', 'DWDT' => '20230415' }
999999999.999999
{
  item: '02612451',
  warehouse: 'I9M',
  deliveryDate: '20230415',
  quantity: '999999999.999999'
}
URLSearchParams { 'WHLO' => 'I9M', 'ITNO' => '02612451', 'DWDT' => '20230515' }
999999999.999999
{
  item: '02612451',
  warehouse: 'I9M',
  deliveryDate: '20230515',
  quantity: '999999999.999999'
}
URLSearchParams { 'WHLO' => 'I95', 'ITNO' => '02612451', 'DWDT' => '20230315' }
{
  item: '02612451',
  warehouse: 'I95',
  deliveryDate: '20230315',
  quantity: 0
}
URLSearchParams { 'WHLO' => 'I95', 'ITNO' => '02612451', 'DWDT' => '20230415' }
{
  item: '02612451',
  warehouse: 'I95',
  deliveryDate: '20230415',
  quantity: 0
}
URLSearchParams { 'WHLO' => 'I95', 'ITNO' => '02612451', 'DWDT' => '20230515' }
{
  item: '02612451',
  warehouse: 'I95',
  deliveryDate: '20230515',
  quantity: 0
}
URLSearchParams { 'WHLO' => 'I99', 'ITNO' => '02612453', 'DWDT' => '20230315' }
{
  item: '02612453',
  warehouse: 'I99',
  deliveryDate: '20230315',
  quantity: 0
}
URLSearchParams { 'WHLO' => 'I99', 'ITNO' => '02612453', 'DWDT' => '20230415' }
{
  item: '02612453',
  warehouse: 'I99',
  deliveryDate: '20230415',
  quantity: 0
}
URLSearchParams { 'WHLO' => 'I99', 'ITNO' => '02612453', 'DWDT' => '20230515' }
{
  item: '02612453',
  warehouse: 'I99',
  deliveryDate: '20230515',
  quantity: 0
}
URLSearchParams { 'WHLO' => 'I97', 'ITNO' => '02612453', 'DWDT' => '20230315' }
{
  item: '02612453',
  warehouse: 'I97',
  deliveryDate: '20230315',
  quantity: 0
}
URLSearchParams { 'WHLO' => 'I97', 'ITNO' => '02612453', 'DWDT' => '20230415' }
{
  item: '02612453',
  warehouse: 'I97',
  deliveryDate: '20230415',
  quantity: 0
}
URLSearchParams { 'WHLO' => 'I97', 'ITNO' => '02612453', 'DWDT' => '20230515' }
{
  item: '02612453',
  warehouse: 'I97',
  deliveryDate: '20230515',
  quantity: 0
}
URLSearchParams { 'WHLO' => 'I9M', 'ITNO' => '02612453', 'DWDT' => '20230315' }
{
  item: '02612453',
  warehouse: 'I9M',
  deliveryDate: '20230315',
  quantity: 0
}
URLSearchParams { 'WHLO' => 'I9M', 'ITNO' => '02612453', 'DWDT' => '20230415' }
{
  item: '02612453',
  warehouse: 'I9M',
  deliveryDate: '20230415',
  quantity: 0
}
URLSearchParams { 'WHLO' => 'I9M', 'ITNO' => '02612453', 'DWDT' => '20230515' }
{
  item: '02612453',
  warehouse: 'I9M',
  deliveryDate: '20230515',
  quantity: 0
}
URLSearchParams { 'WHLO' => 'I95', 'ITNO' => '02612453', 'DWDT' => '20230315' }
{
  item: '02612453',
  warehouse: 'I95',
  deliveryDate: '20230315',
  quantity: 0
}
URLSearchParams { 'WHLO' => 'I95', 'ITNO' => '02612453', 'DWDT' => '20230415' }
{
  item: '02612453',
  warehouse: 'I95',
  deliveryDate: '20230415',
  quantity: 0
}
URLSearchParams { 'WHLO' => 'I95', 'ITNO' => '02612453', 'DWDT' => '20230515' }
{
  item: '02612453',
  warehouse: 'I95',
  deliveryDate: '20230515',
  quantity: 0
}
URLSearchParams { 'WHLO' => 'I99', 'ITNO' => '02612451', 'DWDT' => '20230315' }
{
  item: '02612451',
  warehouse: 'I99',
  deliveryDate: '20230315',
  quantity: 0
}
URLSearchParams { 'WHLO' => 'I99', 'ITNO' => '02612451', 'DWDT' => '20230415' }
{
  item: '02612451',
  warehouse: 'I99',
  deliveryDate: '20230415',
  quantity: 0
}
URLSearchParams { 'WHLO' => 'I99', 'ITNO' => '02612451', 'DWDT' => '20230515' }
{
  item: '02612451',
  warehouse: 'I99',
  deliveryDate: '20230515',
  quantity: 0
}
URLSearchParams { 'WHLO' => 'I97', 'ITNO' => '02612451', 'DWDT' => '20230315' }
10.000000
{
  item: '02612451',
  warehouse: 'I97',
  deliveryDate: '20230315',
  quantity: '10.000000'
}
URLSearchParams { 'WHLO' => 'I97', 'ITNO' => '02612451', 'DWDT' => '20230415' }
10.000000
{
  item: '02612451',
  warehouse: 'I97',
  deliveryDate: '20230415',
  quantity: '10.000000'
}
URLSearchParams { 'WHLO' => 'I97', 'ITNO' => '02612451', 'DWDT' => '20230515' }
10.000000
{
  item: '02612451',
  warehouse: 'I97',
  deliveryDate: '20230515',
  quantity: '10.000000'
}
URLSearchParams { 'WHLO' => 'I9M', 'ITNO' => '02612451', 'DWDT' => '20230315' }
999999999.999999
{
  item: '02612451',
  warehouse: 'I9M',
  deliveryDate: '20230315',
  quantity: '999999999.999999'
}
URLSearchParams { 'WHLO' => 'I9M', 'ITNO' => '02612451', 'DWDT' => '20230415' }
999999999.999999
{
  item: '02612451',
  warehouse: 'I9M',
  deliveryDate: '20230415',
  quantity: '999999999.999999'
}
URLSearchParams { 'WHLO' => 'I9M', 'ITNO' => '02612451', 'DWDT' => '20230515' }
999999999.999999
{
  item: '02612451',
  warehouse: 'I9M',
  deliveryDate: '20230515',
  quantity: '999999999.999999'
}
URLSearchParams { 'WHLO' => 'I95', 'ITNO' => '02612451', 'DWDT' => '20230315' }
{
  item: '02612451',
  warehouse: 'I95',
  deliveryDate: '20230315',
  quantity: 0
}
URLSearchParams { 'WHLO' => 'I95', 'ITNO' => '02612451', 'DWDT' => '20230415' }
{
  item: '02612451',
  warehouse: 'I95',
  deliveryDate: '20230415',
  quantity: 0
}
URLSearchParams { 'WHLO' => 'I95', 'ITNO' => '02612451', 'DWDT' => '20230515' }
{
  item: '02612451',
  warehouse: 'I95',
  deliveryDate: '20230515',
  quantity: 0
}
URLSearchParams { 'WHLO' => 'I99', 'ITNO' => '02612453', 'DWDT' => '20230315' }
{
  item: '02612453',
  warehouse: 'I99',
  deliveryDate: '20230315',
  quantity: 0
}
URLSearchParams { 'WHLO' => 'I99', 'ITNO' => '02612453', 'DWDT' => '20230415' }
{
  item: '02612453',
  warehouse: 'I99',
  deliveryDate: '20230415',
  quantity: 0
}
URLSearchParams { 'WHLO' => 'I99', 'ITNO' => '02612453', 'DWDT' => '20230515' }
{
  item: '02612453',
  warehouse: 'I99',
  deliveryDate: '20230515',
  quantity: 0
}
URLSearchParams { 'WHLO' => 'I97', 'ITNO' => '02612453', 'DWDT' => '20230315' }
{
  item: '02612453',
  warehouse: 'I97',
  deliveryDate: '20230315',
  quantity: 0
}
URLSearchParams { 'WHLO' => 'I97', 'ITNO' => '02612453', 'DWDT' => '20230415' }
{
  item: '02612453',
  warehouse: 'I97',
  deliveryDate: '20230415',
  quantity: 0
}
URLSearchParams { 'WHLO' => 'I97', 'ITNO' => '02612453', 'DWDT' => '20230515' }
{
  item: '02612453',
  warehouse: 'I97',
  deliveryDate: '20230515',
  quantity: 0
}
URLSearchParams { 'WHLO' => 'I9M', 'ITNO' => '02612453', 'DWDT' => '20230315' }
{
  item: '02612453',
  warehouse: 'I9M',
  deliveryDate: '20230315',
  quantity: 0
}
URLSearchParams { 'WHLO' => 'I9M', 'ITNO' => '02612453', 'DWDT' => '20230415' }
{
  item: '02612453',
  warehouse: 'I9M',
  deliveryDate: '20230415',
  quantity: 0
}
URLSearchParams { 'WHLO' => 'I9M', 'ITNO' => '02612453', 'DWDT' => '20230515' }
{
  item: '02612453',
  warehouse: 'I9M',
  deliveryDate: '20230515',
  quantity: 0
}
URLSearchParams { 'WHLO' => 'I95', 'ITNO' => '02612453', 'DWDT' => '20230315' }
{
  item: '02612453',
  warehouse: 'I95',
  deliveryDate: '20230315',
  quantity: 0
}
URLSearchParams { 'WHLO' => 'I95', 'ITNO' => '02612453', 'DWDT' => '20230415' }
{
  item: '02612453',
  warehouse: 'I95',
  deliveryDate: '20230415',
  quantity: 0
}
URLSearchParams { 'WHLO' => 'I95', 'ITNO' => '02612453', 'DWDT' => '20230515' }
{
  item: '02612453',
  warehouse: 'I95',
  deliveryDate: '20230515',
  quantity: 0
}
URLSearchParams { 'WHLO' => 'I99', 'ITNO' => '02612451', 'DWDT' => '20230315' }
{
  item: '02612451',
  warehouse: 'I99',
  deliveryDate: '20230315',
  quantity: 0
}
URLSearchParams { 'WHLO' => 'I99', 'ITNO' => '02612451', 'DWDT' => '20230415' }
{
  item: '02612451',
  warehouse: 'I99',
  deliveryDate: '20230415',
  quantity: 0
}
URLSearchParams { 'WHLO' => 'I99', 'ITNO' => '02612451', 'DWDT' => '20230515' }
{
  item: '02612451',
  warehouse: 'I99',
  deliveryDate: '20230515',
  quantity: 0
}
URLSearchParams { 'WHLO' => 'I97', 'ITNO' => '02612451', 'DWDT' => '20230315' }
10.000000
{
  item: '02612451',
  warehouse: 'I97',
  deliveryDate: '20230315',
  quantity: '10.000000'
}
URLSearchParams { 'WHLO' => 'I97', 'ITNO' => '02612451', 'DWDT' => '20230415' }
10.000000
{
  item: '02612451',
  warehouse: 'I97',
  deliveryDate: '20230415',
  quantity: '10.000000'
}
URLSearchParams { 'WHLO' => 'I97', 'ITNO' => '02612451', 'DWDT' => '20230515' }
10.000000
{
  item: '02612451',
  warehouse: 'I97',
  deliveryDate: '20230515',
  quantity: '10.000000'
}
URLSearchParams { 'WHLO' => 'I9M', 'ITNO' => '02612451', 'DWDT' => '20230315' }
999999999.999999
{
  item: '02612451',
  warehouse: 'I9M',
  deliveryDate: '20230315',
  quantity: '999999999.999999'
}
URLSearchParams { 'WHLO' => 'I9M', 'ITNO' => '02612451', 'DWDT' => '20230415' }
999999999.999999
{
  item: '02612451',
  warehouse: 'I9M',
  deliveryDate: '20230415',
  quantity: '999999999.999999'
}
URLSearchParams { 'WHLO' => 'I9M', 'ITNO' => '02612451', 'DWDT' => '20230515' }
999999999.999999
{
  item: '02612451',
  warehouse: 'I9M',
  deliveryDate: '20230515',
  quantity: '999999999.999999'
}
URLSearchParams { 'WHLO' => 'I95', 'ITNO' => '02612451', 'DWDT' => '20230315' }
{
  item: '02612451',
  warehouse: 'I95',
  deliveryDate: '20230315',
  quantity: 0
}
URLSearchParams { 'WHLO' => 'I95', 'ITNO' => '02612451', 'DWDT' => '20230415' }
{
  item: '02612451',
  warehouse: 'I95',
  deliveryDate: '20230415',
  quantity: 0
}
URLSearchParams { 'WHLO' => 'I95', 'ITNO' => '02612451', 'DWDT' => '20230515' }
{
  item: '02612451',
  warehouse: 'I95',
  deliveryDate: '20230515',
  quantity: 0
}
URLSearchParams { 'WHLO' => 'I99', 'ITNO' => '02612453', 'DWDT' => '20230315' }
{
  item: '02612453',
  warehouse: 'I99',
  deliveryDate: '20230315',
  quantity: 0
}
URLSearchParams { 'WHLO' => 'I99', 'ITNO' => '02612453', 'DWDT' => '20230415' }
{
  item: '02612453',
  warehouse: 'I99',
  deliveryDate: '20230415',
  quantity: 0
}
URLSearchParams { 'WHLO' => 'I99', 'ITNO' => '02612453', 'DWDT' => '20230515' }
{
  item: '02612453',
  warehouse: 'I99',
  deliveryDate: '20230515',
  quantity: 0
}
URLSearchParams { 'WHLO' => 'I97', 'ITNO' => '02612453', 'DWDT' => '20230315' }
{
  item: '02612453',
  warehouse: 'I97',
  deliveryDate: '20230315',
  quantity: 0
}
URLSearchParams { 'WHLO' => 'I97', 'ITNO' => '02612453', 'DWDT' => '20230415' }
{
  item: '02612453',
  warehouse: 'I97',
  deliveryDate: '20230415',
  quantity: 0
}
URLSearchParams { 'WHLO' => 'I97', 'ITNO' => '02612453', 'DWDT' => '20230515' }
{
  item: '02612453',
  warehouse: 'I97',
  deliveryDate: '20230515',
  quantity: 0
}
URLSearchParams { 'WHLO' => 'I9M', 'ITNO' => '02612453', 'DWDT' => '20230315' }
{
  item: '02612453',
  warehouse: 'I9M',
  deliveryDate: '20230315',
  quantity: 0
}
URLSearchParams { 'WHLO' => 'I9M', 'ITNO' => '02612453', 'DWDT' => '20230415' }
{
  item: '02612453',
  warehouse: 'I9M',
  deliveryDate: '20230415',
  quantity: 0
}
URLSearchParams { 'WHLO' => 'I9M', 'ITNO' => '02612453', 'DWDT' => '20230515' }
{
  item: '02612453',
  warehouse: 'I9M',
  deliveryDate: '20230515',
  quantity: 0
}
URLSearchParams { 'WHLO' => 'I95', 'ITNO' => '02612453', 'DWDT' => '20230315' }
{
  item: '02612453',
  warehouse: 'I95',
  deliveryDate: '20230315',
  quantity: 0
}
URLSearchParams { 'WHLO' => 'I95', 'ITNO' => '02612453', 'DWDT' => '20230415' }
{
  item: '02612453',
  warehouse: 'I95',
  deliveryDate: '20230415',
  quantity: 0
}
URLSearchParams { 'WHLO' => 'I95', 'ITNO' => '02612453', 'DWDT' => '20230515' }
{
  item: '02612453',
  warehouse: 'I95',
  deliveryDate: '20230515',
  quantity: 0
}
URLSearchParams { 'WHLO' => 'I99', 'ITNO' => '02612451', 'DWDT' => '20230315' }
{
  item: '02612451',
  warehouse: 'I99',
  deliveryDate: '20230315',
  quantity: 0
}
URLSearchParams { 'WHLO' => 'I99', 'ITNO' => '02612451', 'DWDT' => '20230415' }
{
  item: '02612451',
  warehouse: 'I99',
  deliveryDate: '20230415',
  quantity: 0
}
URLSearchParams { 'WHLO' => 'I99', 'ITNO' => '02612451', 'DWDT' => '20230515' }
{
  item: '02612451',
  warehouse: 'I99',
  deliveryDate: '20230515',
  quantity: 0
}
URLSearchParams { 'WHLO' => 'I97', 'ITNO' => '02612451', 'DWDT' => '20230315' }
10.000000
{
  item: '02612451',
  warehouse: 'I97',
  deliveryDate: '20230315',
  quantity: '10.000000'
}
URLSearchParams { 'WHLO' => 'I97', 'ITNO' => '02612451', 'DWDT' => '20230415' }
10.000000
{
  item: '02612451',
  warehouse: 'I97',
  deliveryDate: '20230415',
  quantity: '10.000000'
}
URLSearchParams { 'WHLO' => 'I97', 'ITNO' => '02612451', 'DWDT' => '20230515' }
10.000000
{
  item: '02612451',
  warehouse: 'I97',
  deliveryDate: '20230515',
  quantity: '10.000000'
}
URLSearchParams { 'WHLO' => 'I9M', 'ITNO' => '02612451', 'DWDT' => '20230315' }
999999999.999999
{
  item: '02612451',
  warehouse: 'I9M',
  deliveryDate: '20230315',
  quantity: '999999999.999999'
}
URLSearchParams { 'WHLO' => 'I9M', 'ITNO' => '02612451', 'DWDT' => '20230415' }
999999999.999999
{
  item: '02612451',
  warehouse: 'I9M',
  deliveryDate: '20230415',
  quantity: '999999999.999999'
}
URLSearchParams { 'WHLO' => 'I9M', 'ITNO' => '02612451', 'DWDT' => '20230515' }
999999999.999999
{
  item: '02612451',
  warehouse: 'I9M',
  deliveryDate: '20230515',
  quantity: '999999999.999999'
}
URLSearchParams { 'WHLO' => 'I95', 'ITNO' => '02612451', 'DWDT' => '20230315' }
{
  item: '02612451',
  warehouse: 'I95',
  deliveryDate: '20230315',
  quantity: 0
}
URLSearchParams { 'WHLO' => 'I95', 'ITNO' => '02612451', 'DWDT' => '20230415' }
{
  item: '02612451',
  warehouse: 'I95',
  deliveryDate: '20230415',
  quantity: 0
}
URLSearchParams { 'WHLO' => 'I95', 'ITNO' => '02612451', 'DWDT' => '20230515' }
{
  item: '02612451',
  warehouse: 'I95',
  deliveryDate: '20230515',
  quantity: 0
}
URLSearchParams { 'WHLO' => 'I99', 'ITNO' => '02612453', 'DWDT' => '20230315' }
{
  item: '02612453',
  warehouse: 'I99',
  deliveryDate: '20230315',
  quantity: 0
}
URLSearchParams { 'WHLO' => 'I99', 'ITNO' => '02612453', 'DWDT' => '20230415' }
{
  item: '02612453',
  warehouse: 'I99',
  deliveryDate: '20230415',
  quantity: 0
}
URLSearchParams { 'WHLO' => 'I99', 'ITNO' => '02612453', 'DWDT' => '20230515' }
{
  item: '02612453',
  warehouse: 'I99',
  deliveryDate: '20230515',
  quantity: 0
}
URLSearchParams { 'WHLO' => 'I97', 'ITNO' => '02612453', 'DWDT' => '20230315' }
{
  item: '02612453',
  warehouse: 'I97',
  deliveryDate: '20230315',
  quantity: 0
}
URLSearchParams { 'WHLO' => 'I97', 'ITNO' => '02612453', 'DWDT' => '20230415' }
{
  item: '02612453',
  warehouse: 'I97',
  deliveryDate: '20230415',
  quantity: 0
}
URLSearchParams { 'WHLO' => 'I97', 'ITNO' => '02612453', 'DWDT' => '20230515' }
{
  item: '02612453',
  warehouse: 'I97',
  deliveryDate: '20230515',
  quantity: 0
}
URLSearchParams { 'WHLO' => 'I9M', 'ITNO' => '02612453', 'DWDT' => '20230315' }
{
  item: '02612453',
  warehouse: 'I9M',
  deliveryDate: '20230315',
  quantity: 0
}
URLSearchParams { 'WHLO' => 'I9M', 'ITNO' => '02612453', 'DWDT' => '20230415' }
{
  item: '02612453',
  warehouse: 'I9M',
  deliveryDate: '20230415',
  quantity: 0
}
URLSearchParams { 'WHLO' => 'I9M', 'ITNO' => '02612453', 'DWDT' => '20230515' }
{
  item: '02612453',
  warehouse: 'I9M',
  deliveryDate: '20230515',
  quantity: 0
}
URLSearchParams { 'WHLO' => 'I95', 'ITNO' => '02612453', 'DWDT' => '20230315' }
{
  item: '02612453',
  warehouse: 'I95',
  deliveryDate: '20230315',
  quantity: 0
}
URLSearchParams { 'WHLO' => 'I95', 'ITNO' => '02612453', 'DWDT' => '20230415' }
{
  item: '02612453',
  warehouse: 'I95',
  deliveryDate: '20230415',
  quantity: 0
}
URLSearchParams { 'WHLO' => 'I95', 'ITNO' => '02612453', 'DWDT' => '20230515' }
{
  item: '02612453',
  warehouse: 'I95',
  deliveryDate: '20230515',
  quantity: 0
}
URLSearchParams { 'WHLO' => 'I99', 'ITNO' => '02612451', 'DWDT' => '20230315' }
{
  item: '02612451',
  warehouse: 'I99',
  deliveryDate: '20230315',
  quantity: 0
}
URLSearchParams { 'WHLO' => 'I99', 'ITNO' => '02612451', 'DWDT' => '20230415' }
{
  item: '02612451',
  warehouse: 'I99',
  deliveryDate: '20230415',
  quantity: 0
}
URLSearchParams { 'WHLO' => 'I99', 'ITNO' => '02612451', 'DWDT' => '20230515' }
{
  item: '02612451',
  warehouse: 'I99',
  deliveryDate: '20230515',
  quantity: 0
}
URLSearchParams { 'WHLO' => 'I97', 'ITNO' => '02612451', 'DWDT' => '20230315' }
10.000000
{
  item: '02612451',
  warehouse: 'I97',
  deliveryDate: '20230315',
  quantity: '10.000000'
}
URLSearchParams { 'WHLO' => 'I97', 'ITNO' => '02612451', 'DWDT' => '20230415' }
10.000000
{
  item: '02612451',
  warehouse: 'I97',
  deliveryDate: '20230415',
  quantity: '10.000000'
}
URLSearchParams { 'WHLO' => 'I97', 'ITNO' => '02612451', 'DWDT' => '20230515' }
10.000000
{
  item: '02612451',
  warehouse: 'I97',
  deliveryDate: '20230515',
  quantity: '10.000000'
}
URLSearchParams { 'WHLO' => 'I9M', 'ITNO' => '02612451', 'DWDT' => '20230315' }
999999999.999999
{
  item: '02612451',
  warehouse: 'I9M',
  deliveryDate: '20230315',
  quantity: '999999999.999999'
}
URLSearchParams { 'WHLO' => 'I9M', 'ITNO' => '02612451', 'DWDT' => '20230415' }
999999999.999999
{
  item: '02612451',
  warehouse: 'I9M',
  deliveryDate: '20230415',
  quantity: '999999999.999999'
}
URLSearchParams { 'WHLO' => 'I9M', 'ITNO' => '02612451', 'DWDT' => '20230515' }
999999999.999999
{
  item: '02612451',
  warehouse: 'I9M',
  deliveryDate: '20230515',
  quantity: '999999999.999999'
}
URLSearchParams { 'WHLO' => 'I95', 'ITNO' => '02612451', 'DWDT' => '20230315' }
{
  item: '02612451',
  warehouse: 'I95',
  deliveryDate: '20230315',
  quantity: 0
}
URLSearchParams { 'WHLO' => 'I95', 'ITNO' => '02612451', 'DWDT' => '20230415' }
{
  item: '02612451',
  warehouse: 'I95',
  deliveryDate: '20230415',
  quantity: 0
}
URLSearchParams { 'WHLO' => 'I95', 'ITNO' => '02612451', 'DWDT' => '20230515' }
{
  item: '02612451',
  warehouse: 'I95',
  deliveryDate: '20230515',
  quantity: 0
}
URLSearchParams { 'WHLO' => 'I99', 'ITNO' => '02612453', 'DWDT' => '20230315' }
{
  item: '02612453',
  warehouse: 'I99',
  deliveryDate: '20230315',
  quantity: 0
}
URLSearchParams { 'WHLO' => 'I99', 'ITNO' => '02612453', 'DWDT' => '20230415' }
{
  item: '02612453',
  warehouse: 'I99',
  deliveryDate: '20230415',
  quantity: 0
}
URLSearchParams { 'WHLO' => 'I99', 'ITNO' => '02612453', 'DWDT' => '20230515' }
{
  item: '02612453',
  warehouse: 'I99',
  deliveryDate: '20230515',
  quantity: 0
}
URLSearchParams { 'WHLO' => 'I97', 'ITNO' => '02612453', 'DWDT' => '20230315' }
{
  item: '02612453',
  warehouse: 'I97',
  deliveryDate: '20230315',
  quantity: 0
}
URLSearchParams { 'WHLO' => 'I97', 'ITNO' => '02612453', 'DWDT' => '20230415' }
{
  item: '02612453',
  warehouse: 'I97',
  deliveryDate: '20230415',
  quantity: 0
}
URLSearchParams { 'WHLO' => 'I97', 'ITNO' => '02612453', 'DWDT' => '20230515' }
{
  item: '02612453',
  warehouse: 'I97',
  deliveryDate: '20230515',
  quantity: 0
}
URLSearchParams { 'WHLO' => 'I9M', 'ITNO' => '02612453', 'DWDT' => '20230315' }
{
  item: '02612453',
  warehouse: 'I9M',
  deliveryDate: '20230315',
  quantity: 0
}
URLSearchParams { 'WHLO' => 'I9M', 'ITNO' => '02612453', 'DWDT' => '20230415' }
{
  item: '02612453',
  warehouse: 'I9M',
  deliveryDate: '20230415',
  quantity: 0
}
URLSearchParams { 'WHLO' => 'I9M', 'ITNO' => '02612453', 'DWDT' => '20230515' }
{
  item: '02612453',
  warehouse: 'I9M',
  deliveryDate: '20230515',
  quantity: 0
}
URLSearchParams { 'WHLO' => 'I95', 'ITNO' => '02612453', 'DWDT' => '20230315' }
{
  item: '02612453',
  warehouse: 'I95',
  deliveryDate: '20230315',
  quantity: 0
}
URLSearchParams { 'WHLO' => 'I95', 'ITNO' => '02612453', 'DWDT' => '20230415' }
{
  item: '02612453',
  warehouse: 'I95',
  deliveryDate: '20230415',
  quantity: 0
}
URLSearchParams { 'WHLO' => 'I95', 'ITNO' => '02612453', 'DWDT' => '20230515' }
{
  item: '02612453',
  warehouse: 'I95',
  deliveryDate: '20230515',
  quantity: 0
}
URLSearchParams { 'WHLO' => 'I99', 'ITNO' => '02612451', 'DWDT' => '20230315' }
{
  item: '02612451',
  warehouse: 'I99',
  deliveryDate: '20230315',
  quantity: 0
}
URLSearchParams { 'WHLO' => 'I99', 'ITNO' => '02612451', 'DWDT' => '20230415' }
{
  item: '02612451',
  warehouse: 'I99',
  deliveryDate: '20230415',
  quantity: 0
}
URLSearchParams { 'WHLO' => 'I99', 'ITNO' => '02612451', 'DWDT' => '20230515' }
{
  item: '02612451',
  warehouse: 'I99',
  deliveryDate: '20230515',
  quantity: 0
}
URLSearchParams { 'WHLO' => 'I97', 'ITNO' => '02612451', 'DWDT' => '20230315' }
10.000000
{
  item: '02612451',
  warehouse: 'I97',
  deliveryDate: '20230315',
  quantity: '10.000000'
}
URLSearchParams { 'WHLO' => 'I97', 'ITNO' => '02612451', 'DWDT' => '20230415' }
10.000000
{
  item: '02612451',
  warehouse: 'I97',
  deliveryDate: '20230415',
  quantity: '10.000000'
}
URLSearchParams { 'WHLO' => 'I97', 'ITNO' => '02612451', 'DWDT' => '20230515' }
10.000000
{
  item: '02612451',
  warehouse: 'I97',
  deliveryDate: '20230515',
  quantity: '10.000000'
}
URLSearchParams { 'WHLO' => 'I9M', 'ITNO' => '02612451', 'DWDT' => '20230315' }
999999999.999999
{
  item: '02612451',
  warehouse: 'I9M',
  deliveryDate: '20230315',
  quantity: '999999999.999999'
}
URLSearchParams { 'WHLO' => 'I9M', 'ITNO' => '02612451', 'DWDT' => '20230415' }
999999999.999999
{
  item: '02612451',
  warehouse: 'I9M',
  deliveryDate: '20230415',
  quantity: '999999999.999999'
}
URLSearchParams { 'WHLO' => 'I9M', 'ITNO' => '02612451', 'DWDT' => '20230515' }
999999999.999999
{
  item: '02612451',
  warehouse: 'I9M',
  deliveryDate: '20230515',
  quantity: '999999999.999999'
}
URLSearchParams { 'WHLO' => 'I95', 'ITNO' => '02612451', 'DWDT' => '20230315' }
{
  item: '02612451',
  warehouse: 'I95',
  deliveryDate: '20230315',
  quantity: 0
}
URLSearchParams { 'WHLO' => 'I95', 'ITNO' => '02612451', 'DWDT' => '20230415' }
{
  item: '02612451',
  warehouse: 'I95',
  deliveryDate: '20230415',
  quantity: 0
}
URLSearchParams { 'WHLO' => 'I95', 'ITNO' => '02612451', 'DWDT' => '20230515' }
{
  item: '02612451',
  warehouse: 'I95',
  deliveryDate: '20230515',
  quantity: 0
}
URLSearchParams { 'WHLO' => 'I99', 'ITNO' => '02612453', 'DWDT' => '20230315' }
{
  item: '02612453',
  warehouse: 'I99',
  deliveryDate: '20230315',
  quantity: 0
}
URLSearchParams { 'WHLO' => 'I99', 'ITNO' => '02612453', 'DWDT' => '20230415' }
{
  item: '02612453',
  warehouse: 'I99',
  deliveryDate: '20230415',
  quantity: 0
}
URLSearchParams { 'WHLO' => 'I99', 'ITNO' => '02612453', 'DWDT' => '20230515' }
{
  item: '02612453',
  warehouse: 'I99',
  deliveryDate: '20230515',
  quantity: 0
}
URLSearchParams { 'WHLO' => 'I97', 'ITNO' => '02612453', 'DWDT' => '20230315' }
{
  item: '02612453',
  warehouse: 'I97',
  deliveryDate: '20230315',
  quantity: 0
}
URLSearchParams { 'WHLO' => 'I97', 'ITNO' => '02612453', 'DWDT' => '20230415' }
{
  item: '02612453',
  warehouse: 'I97',
  deliveryDate: '20230415',
  quantity: 0
}
URLSearchParams { 'WHLO' => 'I97', 'ITNO' => '02612453', 'DWDT' => '20230515' }
{
  item: '02612453',
  warehouse: 'I97',
  deliveryDate: '20230515',
  quantity: 0
}
URLSearchParams { 'WHLO' => 'I9M', 'ITNO' => '02612453', 'DWDT' => '20230315' }
{
  item: '02612453',
  warehouse: 'I9M',
  deliveryDate: '20230315',
  quantity: 0
}
URLSearchParams { 'WHLO' => 'I9M', 'ITNO' => '02612453', 'DWDT' => '20230415' }
{
  item: '02612453',
  warehouse: 'I9M',
  deliveryDate: '20230415',
  quantity: 0
}
URLSearchParams { 'WHLO' => 'I9M', 'ITNO' => '02612453', 'DWDT' => '20230515' }
{
  item: '02612453',
  warehouse: 'I9M',
  deliveryDate: '20230515',
  quantity: 0
}
URLSearchParams { 'WHLO' => 'I95', 'ITNO' => '02612453', 'DWDT' => '20230315' }
{
  item: '02612453',
  warehouse: 'I95',
  deliveryDate: '20230315',
  quantity: 0
}
URLSearchParams { 'WHLO' => 'I95', 'ITNO' => '02612453', 'DWDT' => '20230415' }
{
  item: '02612453',
  warehouse: 'I95',
  deliveryDate: '20230415',
  quantity: 0
}
URLSearchParams { 'WHLO' => 'I95', 'ITNO' => '02612453', 'DWDT' => '20230515' }
{
  item: '02612453',
  warehouse: 'I95',
  deliveryDate: '20230515',
  quantity: 0
}
